{"/Users/matthewchong/Desktop/DU/Pre-Junior/Winter Quarter/SE 181/C.H.E.S.S--Game/public/js/King.js":{"path":"/Users/matthewchong/Desktop/DU/Pre-Junior/Winter Quarter/SE 181/C.H.E.S.S--Game/public/js/King.js","statementMap":{"0":{"start":{"line":3,"column":4},"end":{"line":3,"column":29}},"1":{"start":{"line":4,"column":4},"end":{"line":4,"column":25}},"2":{"start":{"line":5,"column":4},"end":{"line":5,"column":21}},"3":{"start":{"line":6,"column":4},"end":{"line":6,"column":24}},"4":{"start":{"line":7,"column":4},"end":{"line":7,"column":34}},"5":{"start":{"line":8,"column":4},"end":{"line":8,"column":32}},"6":{"start":{"line":11,"column":4},"end":{"line":11,"column":25}},"7":{"start":{"line":15,"column":4},"end":{"line":15,"column":27}},"8":{"start":{"line":19,"column":4},"end":{"line":19,"column":24}},"9":{"start":{"line":23,"column":4},"end":{"line":23,"column":23}},"10":{"start":{"line":27,"column":4},"end":{"line":31,"column":37}},"11":{"start":{"line":27,"column":17},"end":{"line":27,"column":18}},"12":{"start":{"line":29,"column":6},"end":{"line":31,"column":37}},"13":{"start":{"line":35,"column":4},"end":{"line":35,"column":27}},"14":{"start":{"line":39,"column":4},"end":{"line":39,"column":21}},"15":{"start":{"line":43,"column":4},"end":{"line":43,"column":34}},"16":{"start":{"line":47,"column":17},"end":{"line":47,"column":18}},"17":{"start":{"line":48,"column":4},"end":{"line":59,"column":5}},"18":{"start":{"line":50,"column":8},"end":{"line":52,"column":9}},"19":{"start":{"line":51,"column":10},"end":{"line":51,"column":45}},"20":{"start":{"line":53,"column":8},"end":{"line":53,"column":14}},"21":{"start":{"line":55,"column":8},"end":{"line":57,"column":9}},"22":{"start":{"line":56,"column":10},"end":{"line":56,"column":45}},"23":{"start":{"line":58,"column":8},"end":{"line":58,"column":14}},"24":{"start":{"line":64,"column":4},"end":{"line":70,"column":5}},"25":{"start":{"line":65,"column":6},"end":{"line":65,"column":19}},"26":{"start":{"line":66,"column":11},"end":{"line":70,"column":5}},"27":{"start":{"line":67,"column":6},"end":{"line":67,"column":19}},"28":{"start":{"line":69,"column":6},"end":{"line":69,"column":18}},"29":{"start":{"line":74,"column":21},"end":{"line":74,"column":42}},"30":{"start":{"line":75,"column":4},"end":{"line":80,"column":5}},"31":{"start":{"line":76,"column":6},"end":{"line":76,"column":39}},"32":{"start":{"line":77,"column":6},"end":{"line":77,"column":36}},"33":{"start":{"line":79,"column":6},"end":{"line":79,"column":19}},"34":{"start":{"line":82,"column":20},"end":{"line":82,"column":52}},"35":{"start":{"line":84,"column":4},"end":{"line":99,"column":5}},"36":{"start":{"line":84,"column":17},"end":{"line":84,"column":18}},"37":{"start":{"line":85,"column":19},"end":{"line":85,"column":44}},"38":{"start":{"line":86,"column":6},"end":{"line":98,"column":7}},"39":{"start":{"line":87,"column":8},"end":{"line":89,"column":9}},"40":{"start":{"line":88,"column":10},"end":{"line":88,"column":19}},"41":{"start":{"line":92,"column":10},"end":{"line":92,"column":17}},"42":{"start":{"line":93,"column":8},"end":{"line":97,"column":9}},"43":{"start":{"line":94,"column":10},"end":{"line":94,"column":43}},"44":{"start":{"line":96,"column":10},"end":{"line":96,"column":36}},"45":{"start":{"line":101,"column":4},"end":{"line":101,"column":38}},"46":{"start":{"line":102,"column":4},"end":{"line":102,"column":23}},"47":{"start":{"line":107,"column":4},"end":{"line":107,"column":14}},"48":{"start":{"line":111,"column":24},"end":{"line":111,"column":35}},"49":{"start":{"line":113,"column":21},"end":{"line":113,"column":42}},"50":{"start":{"line":114,"column":4},"end":{"line":119,"column":5}},"51":{"start":{"line":115,"column":6},"end":{"line":115,"column":39}},"52":{"start":{"line":116,"column":6},"end":{"line":116,"column":36}},"53":{"start":{"line":118,"column":6},"end":{"line":118,"column":19}},"54":{"start":{"line":121,"column":18},"end":{"line":121,"column":33}},"55":{"start":{"line":124,"column":4},"end":{"line":131,"column":5}},"56":{"start":{"line":124,"column":17},"end":{"line":124,"column":19}},"57":{"start":{"line":125,"column":19},"end":{"line":125,"column":33}},"58":{"start":{"line":126,"column":6},"end":{"line":129,"column":7}},"59":{"start":{"line":127,"column":8},"end":{"line":127,"column":34}},"60":{"start":{"line":128,"column":8},"end":{"line":128,"column":14}},"61":{"start":{"line":130,"column":6},"end":{"line":130,"column":50}},"62":{"start":{"line":130,"column":23},"end":{"line":130,"column":50}},"63":{"start":{"line":134,"column":4},"end":{"line":142,"column":5}},"64":{"start":{"line":134,"column":17},"end":{"line":134,"column":19}},"65":{"start":{"line":135,"column":19},"end":{"line":135,"column":33}},"66":{"start":{"line":136,"column":6},"end":{"line":137,"column":35}},"67":{"start":{"line":137,"column":8},"end":{"line":137,"column":35}},"68":{"start":{"line":138,"column":6},"end":{"line":141,"column":7}},"69":{"start":{"line":139,"column":8},"end":{"line":139,"column":34}},"70":{"start":{"line":140,"column":8},"end":{"line":140,"column":14}},"71":{"start":{"line":145,"column":4},"end":{"line":161,"column":5}},"72":{"start":{"line":145,"column":17},"end":{"line":145,"column":18}},"73":{"start":{"line":146,"column":19},"end":{"line":146,"column":33}},"74":{"start":{"line":147,"column":6},"end":{"line":152,"column":35}},"75":{"start":{"line":152,"column":8},"end":{"line":152,"column":35}},"76":{"start":{"line":153,"column":6},"end":{"line":160,"column":7}},"77":{"start":{"line":158,"column":8},"end":{"line":158,"column":34}},"78":{"start":{"line":159,"column":8},"end":{"line":159,"column":14}},"79":{"start":{"line":164,"column":4},"end":{"line":180,"column":5}},"80":{"start":{"line":164,"column":17},"end":{"line":164,"column":18}},"81":{"start":{"line":165,"column":19},"end":{"line":165,"column":33}},"82":{"start":{"line":166,"column":6},"end":{"line":171,"column":35}},"83":{"start":{"line":171,"column":8},"end":{"line":171,"column":35}},"84":{"start":{"line":172,"column":6},"end":{"line":179,"column":7}},"85":{"start":{"line":177,"column":8},"end":{"line":177,"column":34}},"86":{"start":{"line":178,"column":8},"end":{"line":178,"column":14}},"87":{"start":{"line":182,"column":22},"end":{"line":182,"column":38}},"88":{"start":{"line":184,"column":4},"end":{"line":202,"column":5}},"89":{"start":{"line":184,"column":17},"end":{"line":184,"column":18}},"90":{"start":{"line":185,"column":19},"end":{"line":185,"column":29}},"91":{"start":{"line":186,"column":6},"end":{"line":186,"column":31}},"92":{"start":{"line":188,"column":18},"end":{"line":188,"column":41}},"93":{"start":{"line":189,"column":6},"end":{"line":191,"column":7}},"94":{"start":{"line":190,"column":8},"end":{"line":190,"column":17}},"95":{"start":{"line":193,"column":6},"end":{"line":201,"column":40}},"96":{"start":{"line":194,"column":8},"end":{"line":199,"column":9}},"97":{"start":{"line":195,"column":10},"end":{"line":195,"column":37}},"98":{"start":{"line":197,"column":10},"end":{"line":197,"column":36}},"99":{"start":{"line":198,"column":10},"end":{"line":198,"column":16}},"100":{"start":{"line":200,"column":8},"end":{"line":200,"column":33}},"101":{"start":{"line":204,"column":4},"end":{"line":204,"column":38}},"102":{"start":{"line":205,"column":22},"end":{"line":205,"column":55}},"103":{"start":{"line":206,"column":4},"end":{"line":206,"column":32}},"104":{"start":{"line":207,"column":4},"end":{"line":207,"column":23}},"105":{"start":{"line":212,"column":16},"end":{"line":212,"column":36}},"106":{"start":{"line":213,"column":4},"end":{"line":213,"column":17}},"107":{"start":{"line":214,"column":4},"end":{"line":214,"column":28}},"108":{"start":{"line":215,"column":4},"end":{"line":219,"column":5}},"109":{"start":{"line":215,"column":17},"end":{"line":215,"column":18}},"110":{"start":{"line":216,"column":6},"end":{"line":218,"column":7}},"111":{"start":{"line":217,"column":8},"end":{"line":217,"column":39}},"112":{"start":{"line":220,"column":4},"end":{"line":222,"column":5}},"113":{"start":{"line":221,"column":6},"end":{"line":221,"column":45}},"114":{"start":{"line":224,"column":4},"end":{"line":224,"column":34}},"115":{"start":{"line":225,"column":4},"end":{"line":225,"column":27}},"116":{"start":{"line":229,"column":0},"end":{"line":231,"column":2}}},"fnMap":{"0":{"name":"(anonymous_0)","decl":{"start":{"line":2,"column":2},"end":{"line":2,"column":3}},"loc":{"start":{"line":2,"column":38},"end":{"line":9,"column":3}},"line":2},"1":{"name":"(anonymous_1)","decl":{"start":{"line":10,"column":2},"end":{"line":10,"column":3}},"loc":{"start":{"line":10,"column":16},"end":{"line":12,"column":3}},"line":10},"2":{"name":"(anonymous_2)","decl":{"start":{"line":14,"column":2},"end":{"line":14,"column":3}},"loc":{"start":{"line":14,"column":22},"end":{"line":16,"column":3}},"line":14},"3":{"name":"(anonymous_3)","decl":{"start":{"line":18,"column":2},"end":{"line":18,"column":3}},"loc":{"start":{"line":18,"column":19},"end":{"line":20,"column":3}},"line":18},"4":{"name":"(anonymous_4)","decl":{"start":{"line":22,"column":2},"end":{"line":22,"column":3}},"loc":{"start":{"line":22,"column":14},"end":{"line":24,"column":3}},"line":22},"5":{"name":"(anonymous_5)","decl":{"start":{"line":26,"column":2},"end":{"line":26,"column":3}},"loc":{"start":{"line":26,"column":29},"end":{"line":32,"column":3}},"line":26},"6":{"name":"(anonymous_6)","decl":{"start":{"line":34,"column":2},"end":{"line":34,"column":3}},"loc":{"start":{"line":34,"column":17},"end":{"line":36,"column":3}},"line":34},"7":{"name":"(anonymous_7)","decl":{"start":{"line":38,"column":2},"end":{"line":38,"column":3}},"loc":{"start":{"line":38,"column":12},"end":{"line":40,"column":3}},"line":38},"8":{"name":"(anonymous_8)","decl":{"start":{"line":42,"column":2},"end":{"line":42,"column":3}},"loc":{"start":{"line":42,"column":10},"end":{"line":44,"column":3}},"line":42},"9":{"name":"(anonymous_9)","decl":{"start":{"line":46,"column":2},"end":{"line":46,"column":3}},"loc":{"start":{"line":46,"column":25},"end":{"line":60,"column":3}},"line":46},"10":{"name":"(anonymous_10)","decl":{"start":{"line":63,"column":2},"end":{"line":63,"column":3}},"loc":{"start":{"line":63,"column":21},"end":{"line":71,"column":3}},"line":63},"11":{"name":"(anonymous_11)","decl":{"start":{"line":73,"column":2},"end":{"line":73,"column":3}},"loc":{"start":{"line":73,"column":18},"end":{"line":104,"column":3}},"line":73},"12":{"name":"(anonymous_12)","decl":{"start":{"line":106,"column":2},"end":{"line":106,"column":3}},"loc":{"start":{"line":106,"column":26},"end":{"line":108,"column":3}},"line":106},"13":{"name":"(anonymous_13)","decl":{"start":{"line":110,"column":2},"end":{"line":110,"column":3}},"loc":{"start":{"line":110,"column":23},"end":{"line":208,"column":3}},"line":110},"14":{"name":"(anonymous_14)","decl":{"start":{"line":210,"column":2},"end":{"line":210,"column":3}},"loc":{"start":{"line":210,"column":51},"end":{"line":226,"column":3}},"line":210}},"branchMap":{"0":{"loc":{"start":{"line":48,"column":4},"end":{"line":59,"column":5}},"type":"switch","locations":[{"start":{"line":49,"column":6},"end":{"line":53,"column":14}},{"start":{"line":54,"column":6},"end":{"line":58,"column":14}}],"line":48},"1":{"loc":{"start":{"line":50,"column":8},"end":{"line":52,"column":9}},"type":"if","locations":[{"start":{"line":50,"column":8},"end":{"line":52,"column":9}},{"start":{"line":50,"column":8},"end":{"line":52,"column":9}}],"line":50},"2":{"loc":{"start":{"line":55,"column":8},"end":{"line":57,"column":9}},"type":"if","locations":[{"start":{"line":55,"column":8},"end":{"line":57,"column":9}},{"start":{"line":55,"column":8},"end":{"line":57,"column":9}}],"line":55},"3":{"loc":{"start":{"line":64,"column":4},"end":{"line":70,"column":5}},"type":"if","locations":[{"start":{"line":64,"column":4},"end":{"line":70,"column":5}},{"start":{"line":64,"column":4},"end":{"line":70,"column":5}}],"line":64},"4":{"loc":{"start":{"line":64,"column":8},"end":{"line":64,"column":34}},"type":"binary-expr","locations":[{"start":{"line":64,"column":8},"end":{"line":64,"column":19}},{"start":{"line":64,"column":23},"end":{"line":64,"column":34}}],"line":64},"5":{"loc":{"start":{"line":66,"column":11},"end":{"line":70,"column":5}},"type":"if","locations":[{"start":{"line":66,"column":11},"end":{"line":70,"column":5}},{"start":{"line":66,"column":11},"end":{"line":70,"column":5}}],"line":66},"6":{"loc":{"start":{"line":66,"column":15},"end":{"line":66,"column":50}},"type":"binary-expr","locations":[{"start":{"line":66,"column":15},"end":{"line":66,"column":30}},{"start":{"line":66,"column":34},"end":{"line":66,"column":50}}],"line":66},"7":{"loc":{"start":{"line":75,"column":4},"end":{"line":80,"column":5}},"type":"if","locations":[{"start":{"line":75,"column":4},"end":{"line":80,"column":5}},{"start":{"line":75,"column":4},"end":{"line":80,"column":5}}],"line":75},"8":{"loc":{"start":{"line":86,"column":6},"end":{"line":98,"column":7}},"type":"if","locations":[{"start":{"line":86,"column":6},"end":{"line":98,"column":7}},{"start":{"line":86,"column":6},"end":{"line":98,"column":7}}],"line":86},"9":{"loc":{"start":{"line":86,"column":10},"end":{"line":86,"column":38}},"type":"binary-expr","locations":[{"start":{"line":86,"column":10},"end":{"line":86,"column":22}},{"start":{"line":86,"column":26},"end":{"line":86,"column":38}}],"line":86},"10":{"loc":{"start":{"line":87,"column":8},"end":{"line":89,"column":9}},"type":"if","locations":[{"start":{"line":87,"column":8},"end":{"line":89,"column":9}},{"start":{"line":87,"column":8},"end":{"line":89,"column":9}}],"line":87},"11":{"loc":{"start":{"line":87,"column":12},"end":{"line":87,"column":48}},"type":"binary-expr","locations":[{"start":{"line":87,"column":12},"end":{"line":87,"column":28}},{"start":{"line":87,"column":32},"end":{"line":87,"column":48}}],"line":87},"12":{"loc":{"start":{"line":93,"column":8},"end":{"line":97,"column":9}},"type":"if","locations":[{"start":{"line":93,"column":8},"end":{"line":97,"column":9}},{"start":{"line":93,"column":8},"end":{"line":97,"column":9}}],"line":93},"13":{"loc":{"start":{"line":114,"column":4},"end":{"line":119,"column":5}},"type":"if","locations":[{"start":{"line":114,"column":4},"end":{"line":119,"column":5}},{"start":{"line":114,"column":4},"end":{"line":119,"column":5}}],"line":114},"14":{"loc":{"start":{"line":126,"column":6},"end":{"line":129,"column":7}},"type":"if","locations":[{"start":{"line":126,"column":6},"end":{"line":129,"column":7}},{"start":{"line":126,"column":6},"end":{"line":129,"column":7}}],"line":126},"15":{"loc":{"start":{"line":130,"column":6},"end":{"line":130,"column":50}},"type":"if","locations":[{"start":{"line":130,"column":6},"end":{"line":130,"column":50}},{"start":{"line":130,"column":6},"end":{"line":130,"column":50}}],"line":130},"16":{"loc":{"start":{"line":136,"column":6},"end":{"line":137,"column":35}},"type":"if","locations":[{"start":{"line":136,"column":6},"end":{"line":137,"column":35}},{"start":{"line":136,"column":6},"end":{"line":137,"column":35}}],"line":136},"17":{"loc":{"start":{"line":136,"column":10},"end":{"line":136,"column":32}},"type":"binary-expr","locations":[{"start":{"line":136,"column":10},"end":{"line":136,"column":21}},{"start":{"line":136,"column":25},"end":{"line":136,"column":32}}],"line":136},"18":{"loc":{"start":{"line":138,"column":6},"end":{"line":141,"column":7}},"type":"if","locations":[{"start":{"line":138,"column":6},"end":{"line":141,"column":7}},{"start":{"line":138,"column":6},"end":{"line":141,"column":7}}],"line":138},"19":{"loc":{"start":{"line":138,"column":10},"end":{"line":138,"column":32}},"type":"binary-expr","locations":[{"start":{"line":138,"column":10},"end":{"line":138,"column":21}},{"start":{"line":138,"column":25},"end":{"line":138,"column":32}}],"line":138},"20":{"loc":{"start":{"line":147,"column":6},"end":{"line":152,"column":35}},"type":"if","locations":[{"start":{"line":147,"column":6},"end":{"line":152,"column":35}},{"start":{"line":147,"column":6},"end":{"line":152,"column":35}}],"line":147},"21":{"loc":{"start":{"line":148,"column":8},"end":{"line":150,"column":15}},"type":"binary-expr","locations":[{"start":{"line":148,"column":8},"end":{"line":148,"column":49}},{"start":{"line":149,"column":8},"end":{"line":149,"column":53}},{"start":{"line":150,"column":8},"end":{"line":150,"column":15}}],"line":148},"22":{"loc":{"start":{"line":153,"column":6},"end":{"line":160,"column":7}},"type":"if","locations":[{"start":{"line":153,"column":6},"end":{"line":160,"column":7}},{"start":{"line":153,"column":6},"end":{"line":160,"column":7}}],"line":153},"23":{"loc":{"start":{"line":154,"column":8},"end":{"line":156,"column":15}},"type":"binary-expr","locations":[{"start":{"line":154,"column":8},"end":{"line":154,"column":49}},{"start":{"line":155,"column":8},"end":{"line":155,"column":53}},{"start":{"line":156,"column":8},"end":{"line":156,"column":15}}],"line":154},"24":{"loc":{"start":{"line":166,"column":6},"end":{"line":171,"column":35}},"type":"if","locations":[{"start":{"line":166,"column":6},"end":{"line":171,"column":35}},{"start":{"line":166,"column":6},"end":{"line":171,"column":35}}],"line":166},"25":{"loc":{"start":{"line":167,"column":8},"end":{"line":169,"column":15}},"type":"binary-expr","locations":[{"start":{"line":167,"column":8},"end":{"line":167,"column":49}},{"start":{"line":168,"column":8},"end":{"line":168,"column":53}},{"start":{"line":169,"column":8},"end":{"line":169,"column":15}}],"line":167},"26":{"loc":{"start":{"line":172,"column":6},"end":{"line":179,"column":7}},"type":"if","locations":[{"start":{"line":172,"column":6},"end":{"line":179,"column":7}},{"start":{"line":172,"column":6},"end":{"line":179,"column":7}}],"line":172},"27":{"loc":{"start":{"line":173,"column":8},"end":{"line":175,"column":15}},"type":"binary-expr","locations":[{"start":{"line":173,"column":8},"end":{"line":173,"column":49}},{"start":{"line":174,"column":8},"end":{"line":174,"column":53}},{"start":{"line":175,"column":8},"end":{"line":175,"column":15}}],"line":173},"28":{"loc":{"start":{"line":189,"column":6},"end":{"line":191,"column":7}},"type":"if","locations":[{"start":{"line":189,"column":6},"end":{"line":191,"column":7}},{"start":{"line":189,"column":6},"end":{"line":191,"column":7}}],"line":189},"29":{"loc":{"start":{"line":194,"column":8},"end":{"line":199,"column":9}},"type":"if","locations":[{"start":{"line":194,"column":8},"end":{"line":199,"column":9}},{"start":{"line":194,"column":8},"end":{"line":199,"column":9}}],"line":194},"30":{"loc":{"start":{"line":216,"column":6},"end":{"line":218,"column":7}},"type":"if","locations":[{"start":{"line":216,"column":6},"end":{"line":218,"column":7}},{"start":{"line":216,"column":6},"end":{"line":218,"column":7}}],"line":216},"31":{"loc":{"start":{"line":220,"column":4},"end":{"line":222,"column":5}},"type":"if","locations":[{"start":{"line":220,"column":4},"end":{"line":222,"column":5}},{"start":{"line":220,"column":4},"end":{"line":222,"column":5}}],"line":220}},"s":{"0":1,"1":1,"2":1,"3":1,"4":1,"5":1,"6":1,"7":1,"8":1,"9":1,"10":1,"11":1,"12":1,"13":6,"14":2,"15":5,"16":25,"17":25,"18":25,"19":0,"20":25,"21":0,"22":0,"23":0,"24":4,"25":2,"26":2,"27":0,"28":2,"29":4,"30":4,"31":3,"32":3,"33":3,"34":4,"35":4,"36":4,"37":32,"38":32,"39":20,"40":0,"41":20,"42":20,"43":0,"44":20,"45":4,"46":4,"47":2,"48":1,"49":1,"50":1,"51":0,"52":0,"53":0,"54":1,"55":1,"56":1,"57":1,"58":1,"59":1,"60":1,"61":0,"62":0,"63":1,"64":1,"65":8,"66":8,"67":0,"68":8,"69":0,"70":0,"71":1,"72":1,"73":1,"74":1,"75":0,"76":1,"77":1,"78":1,"79":1,"80":1,"81":1,"82":1,"83":0,"84":1,"85":1,"86":1,"87":1,"88":1,"89":1,"90":4,"91":4,"92":4,"93":4,"94":2,"95":2,"96":2,"97":0,"98":2,"99":2,"100":0,"101":1,"102":1,"103":1,"104":1,"105":1,"106":1,"107":1,"108":1,"109":1,"110":0,"111":0,"112":1,"113":0,"114":1,"115":1,"116":1},"f":{"0":1,"1":1,"2":1,"3":1,"4":1,"5":1,"6":6,"7":2,"8":5,"9":25,"10":4,"11":4,"12":2,"13":1,"14":1},"b":{"0":[25,0],"1":[0,25],"2":[0,0],"3":[2,2],"4":[4,4],"5":[0,2],"6":[2,2],"7":[3,1],"8":[20,12],"9":[32,20],"10":[0,20],"11":[20,20],"12":[0,20],"13":[0,1],"14":[1,0],"15":[0,0],"16":[0,8],"17":[8,0],"18":[0,8],"19":[8,0],"20":[0,1],"21":[1,1,1],"22":[1,0],"23":[1,1,1],"24":[0,1],"25":[1,1,1],"26":[1,0],"27":[1,1,1],"28":[2,2],"29":[0,2],"30":[0,0],"31":[0,1]},"_coverageSchema":"1a1c01bbd47fc00a2c39e90264f33305004495a9","hash":"a6360f5ac835847aea30172247d27918b4f86f53","contentHash":"493c88fee69da960643199fb34f9523aa28e33ff02879da4668441b2c91d72f3"},"/Users/matthewchong/Desktop/DU/Pre-Junior/Winter Quarter/SE 181/C.H.E.S.S--Game/public/js/Queen.js":{"path":"/Users/matthewchong/Desktop/DU/Pre-Junior/Winter Quarter/SE 181/C.H.E.S.S--Game/public/js/Queen.js","statementMap":{"0":{"start":{"line":3,"column":4},"end":{"line":3,"column":29}},"1":{"start":{"line":4,"column":4},"end":{"line":4,"column":25}},"2":{"start":{"line":5,"column":4},"end":{"line":5,"column":21}},"3":{"start":{"line":6,"column":4},"end":{"line":6,"column":24}},"4":{"start":{"line":7,"column":4},"end":{"line":7,"column":34}},"5":{"start":{"line":8,"column":4},"end":{"line":8,"column":32}},"6":{"start":{"line":11,"column":4},"end":{"line":11,"column":25}},"7":{"start":{"line":15,"column":4},"end":{"line":15,"column":27}},"8":{"start":{"line":19,"column":4},"end":{"line":19,"column":24}},"9":{"start":{"line":23,"column":4},"end":{"line":23,"column":23}},"10":{"start":{"line":27,"column":4},"end":{"line":31,"column":37}},"11":{"start":{"line":27,"column":17},"end":{"line":27,"column":18}},"12":{"start":{"line":29,"column":6},"end":{"line":31,"column":37}},"13":{"start":{"line":35,"column":4},"end":{"line":35,"column":27}},"14":{"start":{"line":39,"column":4},"end":{"line":39,"column":21}},"15":{"start":{"line":43,"column":4},"end":{"line":43,"column":34}},"16":{"start":{"line":47,"column":17},"end":{"line":47,"column":18}},"17":{"start":{"line":48,"column":4},"end":{"line":59,"column":5}},"18":{"start":{"line":50,"column":8},"end":{"line":52,"column":9}},"19":{"start":{"line":51,"column":10},"end":{"line":51,"column":45}},"20":{"start":{"line":53,"column":8},"end":{"line":53,"column":14}},"21":{"start":{"line":55,"column":8},"end":{"line":57,"column":9}},"22":{"start":{"line":56,"column":10},"end":{"line":56,"column":45}},"23":{"start":{"line":58,"column":8},"end":{"line":58,"column":14}},"24":{"start":{"line":63,"column":4},"end":{"line":69,"column":5}},"25":{"start":{"line":64,"column":6},"end":{"line":64,"column":19}},"26":{"start":{"line":65,"column":11},"end":{"line":69,"column":5}},"27":{"start":{"line":66,"column":6},"end":{"line":66,"column":19}},"28":{"start":{"line":68,"column":6},"end":{"line":68,"column":18}},"29":{"start":{"line":73,"column":21},"end":{"line":73,"column":42}},"30":{"start":{"line":74,"column":4},"end":{"line":79,"column":5}},"31":{"start":{"line":75,"column":6},"end":{"line":75,"column":39}},"32":{"start":{"line":76,"column":6},"end":{"line":76,"column":36}},"33":{"start":{"line":78,"column":6},"end":{"line":78,"column":19}},"34":{"start":{"line":81,"column":18},"end":{"line":81,"column":33}},"35":{"start":{"line":84,"column":4},"end":{"line":91,"column":5}},"36":{"start":{"line":84,"column":17},"end":{"line":84,"column":19}},"37":{"start":{"line":85,"column":19},"end":{"line":85,"column":33}},"38":{"start":{"line":86,"column":6},"end":{"line":89,"column":7}},"39":{"start":{"line":87,"column":8},"end":{"line":87,"column":34}},"40":{"start":{"line":88,"column":8},"end":{"line":88,"column":14}},"41":{"start":{"line":90,"column":6},"end":{"line":90,"column":56}},"42":{"start":{"line":90,"column":23},"end":{"line":90,"column":56}},"43":{"start":{"line":94,"column":4},"end":{"line":102,"column":5}},"44":{"start":{"line":94,"column":17},"end":{"line":94,"column":19}},"45":{"start":{"line":95,"column":19},"end":{"line":95,"column":33}},"46":{"start":{"line":96,"column":6},"end":{"line":97,"column":41}},"47":{"start":{"line":97,"column":8},"end":{"line":97,"column":41}},"48":{"start":{"line":98,"column":6},"end":{"line":101,"column":7}},"49":{"start":{"line":99,"column":8},"end":{"line":99,"column":34}},"50":{"start":{"line":100,"column":8},"end":{"line":100,"column":14}},"51":{"start":{"line":105,"column":4},"end":{"line":121,"column":5}},"52":{"start":{"line":105,"column":17},"end":{"line":105,"column":18}},"53":{"start":{"line":106,"column":19},"end":{"line":106,"column":33}},"54":{"start":{"line":107,"column":6},"end":{"line":112,"column":41}},"55":{"start":{"line":112,"column":8},"end":{"line":112,"column":41}},"56":{"start":{"line":113,"column":6},"end":{"line":120,"column":7}},"57":{"start":{"line":118,"column":8},"end":{"line":118,"column":34}},"58":{"start":{"line":119,"column":8},"end":{"line":119,"column":14}},"59":{"start":{"line":124,"column":4},"end":{"line":140,"column":5}},"60":{"start":{"line":124,"column":17},"end":{"line":124,"column":18}},"61":{"start":{"line":125,"column":19},"end":{"line":125,"column":33}},"62":{"start":{"line":126,"column":6},"end":{"line":131,"column":41}},"63":{"start":{"line":131,"column":8},"end":{"line":131,"column":41}},"64":{"start":{"line":132,"column":6},"end":{"line":139,"column":7}},"65":{"start":{"line":137,"column":8},"end":{"line":137,"column":34}},"66":{"start":{"line":138,"column":8},"end":{"line":138,"column":14}},"67":{"start":{"line":142,"column":22},"end":{"line":142,"column":38}},"68":{"start":{"line":144,"column":4},"end":{"line":162,"column":5}},"69":{"start":{"line":144,"column":17},"end":{"line":144,"column":18}},"70":{"start":{"line":145,"column":19},"end":{"line":145,"column":29}},"71":{"start":{"line":146,"column":6},"end":{"line":146,"column":31}},"72":{"start":{"line":148,"column":18},"end":{"line":148,"column":41}},"73":{"start":{"line":149,"column":6},"end":{"line":151,"column":7}},"74":{"start":{"line":150,"column":8},"end":{"line":150,"column":17}},"75":{"start":{"line":153,"column":6},"end":{"line":161,"column":40}},"76":{"start":{"line":154,"column":8},"end":{"line":159,"column":9}},"77":{"start":{"line":155,"column":10},"end":{"line":155,"column":43}},"78":{"start":{"line":157,"column":10},"end":{"line":157,"column":36}},"79":{"start":{"line":158,"column":10},"end":{"line":158,"column":16}},"80":{"start":{"line":160,"column":8},"end":{"line":160,"column":33}},"81":{"start":{"line":164,"column":4},"end":{"line":164,"column":38}},"82":{"start":{"line":165,"column":4},"end":{"line":165,"column":31}},"83":{"start":{"line":170,"column":24},"end":{"line":170,"column":35}},"84":{"start":{"line":172,"column":21},"end":{"line":172,"column":43}},"85":{"start":{"line":173,"column":4},"end":{"line":178,"column":5}},"86":{"start":{"line":174,"column":6},"end":{"line":174,"column":39}},"87":{"start":{"line":175,"column":6},"end":{"line":175,"column":37}},"88":{"start":{"line":176,"column":6},"end":{"line":176,"column":24}},"89":{"start":{"line":177,"column":6},"end":{"line":177,"column":19}},"90":{"start":{"line":180,"column":18},"end":{"line":180,"column":33}},"91":{"start":{"line":183,"column":4},"end":{"line":190,"column":5}},"92":{"start":{"line":183,"column":17},"end":{"line":183,"column":19}},"93":{"start":{"line":184,"column":19},"end":{"line":184,"column":33}},"94":{"start":{"line":185,"column":6},"end":{"line":188,"column":7}},"95":{"start":{"line":186,"column":8},"end":{"line":186,"column":34}},"96":{"start":{"line":187,"column":8},"end":{"line":187,"column":14}},"97":{"start":{"line":189,"column":6},"end":{"line":189,"column":50}},"98":{"start":{"line":189,"column":23},"end":{"line":189,"column":50}},"99":{"start":{"line":193,"column":4},"end":{"line":201,"column":5}},"100":{"start":{"line":193,"column":17},"end":{"line":193,"column":19}},"101":{"start":{"line":194,"column":19},"end":{"line":194,"column":33}},"102":{"start":{"line":195,"column":6},"end":{"line":196,"column":35}},"103":{"start":{"line":196,"column":8},"end":{"line":196,"column":35}},"104":{"start":{"line":197,"column":6},"end":{"line":200,"column":7}},"105":{"start":{"line":198,"column":8},"end":{"line":198,"column":34}},"106":{"start":{"line":199,"column":8},"end":{"line":199,"column":14}},"107":{"start":{"line":204,"column":4},"end":{"line":220,"column":5}},"108":{"start":{"line":204,"column":17},"end":{"line":204,"column":18}},"109":{"start":{"line":205,"column":19},"end":{"line":205,"column":33}},"110":{"start":{"line":206,"column":6},"end":{"line":211,"column":35}},"111":{"start":{"line":211,"column":8},"end":{"line":211,"column":35}},"112":{"start":{"line":212,"column":6},"end":{"line":219,"column":7}},"113":{"start":{"line":217,"column":8},"end":{"line":217,"column":34}},"114":{"start":{"line":218,"column":8},"end":{"line":218,"column":14}},"115":{"start":{"line":223,"column":4},"end":{"line":239,"column":5}},"116":{"start":{"line":223,"column":17},"end":{"line":223,"column":18}},"117":{"start":{"line":224,"column":19},"end":{"line":224,"column":33}},"118":{"start":{"line":225,"column":6},"end":{"line":230,"column":35}},"119":{"start":{"line":230,"column":8},"end":{"line":230,"column":35}},"120":{"start":{"line":231,"column":6},"end":{"line":238,"column":7}},"121":{"start":{"line":236,"column":8},"end":{"line":236,"column":34}},"122":{"start":{"line":237,"column":8},"end":{"line":237,"column":14}},"123":{"start":{"line":241,"column":22},"end":{"line":241,"column":38}},"124":{"start":{"line":243,"column":4},"end":{"line":261,"column":5}},"125":{"start":{"line":243,"column":17},"end":{"line":243,"column":18}},"126":{"start":{"line":244,"column":19},"end":{"line":244,"column":29}},"127":{"start":{"line":245,"column":6},"end":{"line":245,"column":31}},"128":{"start":{"line":247,"column":18},"end":{"line":247,"column":41}},"129":{"start":{"line":248,"column":6},"end":{"line":250,"column":7}},"130":{"start":{"line":249,"column":8},"end":{"line":249,"column":17}},"131":{"start":{"line":252,"column":6},"end":{"line":260,"column":40}},"132":{"start":{"line":253,"column":8},"end":{"line":258,"column":9}},"133":{"start":{"line":254,"column":10},"end":{"line":254,"column":37}},"134":{"start":{"line":256,"column":10},"end":{"line":256,"column":36}},"135":{"start":{"line":257,"column":10},"end":{"line":257,"column":16}},"136":{"start":{"line":259,"column":8},"end":{"line":259,"column":33}},"137":{"start":{"line":263,"column":4},"end":{"line":263,"column":38}},"138":{"start":{"line":264,"column":22},"end":{"line":264,"column":55}},"139":{"start":{"line":265,"column":4},"end":{"line":265,"column":32}},"140":{"start":{"line":266,"column":4},"end":{"line":266,"column":23}},"141":{"start":{"line":269,"column":25},"end":{"line":269,"column":36}},"142":{"start":{"line":270,"column":16},"end":{"line":270,"column":36}},"143":{"start":{"line":272,"column":4},"end":{"line":276,"column":5}},"144":{"start":{"line":272,"column":17},"end":{"line":272,"column":18}},"145":{"start":{"line":273,"column":6},"end":{"line":275,"column":7}},"146":{"start":{"line":274,"column":8},"end":{"line":274,"column":38}},"147":{"start":{"line":277,"column":4},"end":{"line":279,"column":5}},"148":{"start":{"line":278,"column":6},"end":{"line":278,"column":44}},"149":{"start":{"line":280,"column":4},"end":{"line":280,"column":26}},"150":{"start":{"line":286,"column":2},"end":{"line":288,"column":1}}},"fnMap":{"0":{"name":"(anonymous_0)","decl":{"start":{"line":2,"column":2},"end":{"line":2,"column":3}},"loc":{"start":{"line":2,"column":38},"end":{"line":9,"column":3}},"line":2},"1":{"name":"(anonymous_1)","decl":{"start":{"line":10,"column":2},"end":{"line":10,"column":3}},"loc":{"start":{"line":10,"column":16},"end":{"line":12,"column":3}},"line":10},"2":{"name":"(anonymous_2)","decl":{"start":{"line":14,"column":2},"end":{"line":14,"column":3}},"loc":{"start":{"line":14,"column":22},"end":{"line":16,"column":3}},"line":14},"3":{"name":"(anonymous_3)","decl":{"start":{"line":18,"column":2},"end":{"line":18,"column":3}},"loc":{"start":{"line":18,"column":19},"end":{"line":20,"column":3}},"line":18},"4":{"name":"(anonymous_4)","decl":{"start":{"line":22,"column":2},"end":{"line":22,"column":3}},"loc":{"start":{"line":22,"column":14},"end":{"line":24,"column":3}},"line":22},"5":{"name":"(anonymous_5)","decl":{"start":{"line":26,"column":2},"end":{"line":26,"column":3}},"loc":{"start":{"line":26,"column":29},"end":{"line":32,"column":3}},"line":26},"6":{"name":"(anonymous_6)","decl":{"start":{"line":34,"column":2},"end":{"line":34,"column":3}},"loc":{"start":{"line":34,"column":17},"end":{"line":36,"column":3}},"line":34},"7":{"name":"(anonymous_7)","decl":{"start":{"line":38,"column":2},"end":{"line":38,"column":3}},"loc":{"start":{"line":38,"column":12},"end":{"line":40,"column":3}},"line":38},"8":{"name":"(anonymous_8)","decl":{"start":{"line":42,"column":2},"end":{"line":42,"column":3}},"loc":{"start":{"line":42,"column":10},"end":{"line":44,"column":3}},"line":42},"9":{"name":"(anonymous_9)","decl":{"start":{"line":46,"column":2},"end":{"line":46,"column":3}},"loc":{"start":{"line":46,"column":25},"end":{"line":60,"column":3}},"line":46},"10":{"name":"(anonymous_10)","decl":{"start":{"line":62,"column":2},"end":{"line":62,"column":3}},"loc":{"start":{"line":62,"column":21},"end":{"line":70,"column":3}},"line":62},"11":{"name":"(anonymous_11)","decl":{"start":{"line":72,"column":2},"end":{"line":72,"column":3}},"loc":{"start":{"line":72,"column":18},"end":{"line":167,"column":3}},"line":72},"12":{"name":"(anonymous_12)","decl":{"start":{"line":169,"column":2},"end":{"line":169,"column":3}},"loc":{"start":{"line":169,"column":27},"end":{"line":267,"column":3}},"line":169},"13":{"name":"(anonymous_13)","decl":{"start":{"line":268,"column":2},"end":{"line":268,"column":3}},"loc":{"start":{"line":268,"column":51},"end":{"line":281,"column":3}},"line":268}},"branchMap":{"0":{"loc":{"start":{"line":48,"column":4},"end":{"line":59,"column":5}},"type":"switch","locations":[{"start":{"line":49,"column":6},"end":{"line":53,"column":14}},{"start":{"line":54,"column":6},"end":{"line":58,"column":14}}],"line":48},"1":{"loc":{"start":{"line":50,"column":8},"end":{"line":52,"column":9}},"type":"if","locations":[{"start":{"line":50,"column":8},"end":{"line":52,"column":9}},{"start":{"line":50,"column":8},"end":{"line":52,"column":9}}],"line":50},"2":{"loc":{"start":{"line":55,"column":8},"end":{"line":57,"column":9}},"type":"if","locations":[{"start":{"line":55,"column":8},"end":{"line":57,"column":9}},{"start":{"line":55,"column":8},"end":{"line":57,"column":9}}],"line":55},"3":{"loc":{"start":{"line":63,"column":4},"end":{"line":69,"column":5}},"type":"if","locations":[{"start":{"line":63,"column":4},"end":{"line":69,"column":5}},{"start":{"line":63,"column":4},"end":{"line":69,"column":5}}],"line":63},"4":{"loc":{"start":{"line":63,"column":8},"end":{"line":63,"column":34}},"type":"binary-expr","locations":[{"start":{"line":63,"column":8},"end":{"line":63,"column":19}},{"start":{"line":63,"column":23},"end":{"line":63,"column":34}}],"line":63},"5":{"loc":{"start":{"line":65,"column":11},"end":{"line":69,"column":5}},"type":"if","locations":[{"start":{"line":65,"column":11},"end":{"line":69,"column":5}},{"start":{"line":65,"column":11},"end":{"line":69,"column":5}}],"line":65},"6":{"loc":{"start":{"line":65,"column":15},"end":{"line":65,"column":50}},"type":"binary-expr","locations":[{"start":{"line":65,"column":15},"end":{"line":65,"column":30}},{"start":{"line":65,"column":34},"end":{"line":65,"column":50}}],"line":65},"7":{"loc":{"start":{"line":74,"column":4},"end":{"line":79,"column":5}},"type":"if","locations":[{"start":{"line":74,"column":4},"end":{"line":79,"column":5}},{"start":{"line":74,"column":4},"end":{"line":79,"column":5}}],"line":74},"8":{"loc":{"start":{"line":86,"column":6},"end":{"line":89,"column":7}},"type":"if","locations":[{"start":{"line":86,"column":6},"end":{"line":89,"column":7}},{"start":{"line":86,"column":6},"end":{"line":89,"column":7}}],"line":86},"9":{"loc":{"start":{"line":90,"column":6},"end":{"line":90,"column":56}},"type":"if","locations":[{"start":{"line":90,"column":6},"end":{"line":90,"column":56}},{"start":{"line":90,"column":6},"end":{"line":90,"column":56}}],"line":90},"10":{"loc":{"start":{"line":96,"column":6},"end":{"line":97,"column":41}},"type":"if","locations":[{"start":{"line":96,"column":6},"end":{"line":97,"column":41}},{"start":{"line":96,"column":6},"end":{"line":97,"column":41}}],"line":96},"11":{"loc":{"start":{"line":96,"column":10},"end":{"line":96,"column":32}},"type":"binary-expr","locations":[{"start":{"line":96,"column":10},"end":{"line":96,"column":21}},{"start":{"line":96,"column":25},"end":{"line":96,"column":32}}],"line":96},"12":{"loc":{"start":{"line":98,"column":6},"end":{"line":101,"column":7}},"type":"if","locations":[{"start":{"line":98,"column":6},"end":{"line":101,"column":7}},{"start":{"line":98,"column":6},"end":{"line":101,"column":7}}],"line":98},"13":{"loc":{"start":{"line":98,"column":10},"end":{"line":98,"column":32}},"type":"binary-expr","locations":[{"start":{"line":98,"column":10},"end":{"line":98,"column":21}},{"start":{"line":98,"column":25},"end":{"line":98,"column":32}}],"line":98},"14":{"loc":{"start":{"line":107,"column":6},"end":{"line":112,"column":41}},"type":"if","locations":[{"start":{"line":107,"column":6},"end":{"line":112,"column":41}},{"start":{"line":107,"column":6},"end":{"line":112,"column":41}}],"line":107},"15":{"loc":{"start":{"line":108,"column":8},"end":{"line":110,"column":15}},"type":"binary-expr","locations":[{"start":{"line":108,"column":8},"end":{"line":108,"column":49}},{"start":{"line":109,"column":8},"end":{"line":109,"column":53}},{"start":{"line":110,"column":8},"end":{"line":110,"column":15}}],"line":108},"16":{"loc":{"start":{"line":113,"column":6},"end":{"line":120,"column":7}},"type":"if","locations":[{"start":{"line":113,"column":6},"end":{"line":120,"column":7}},{"start":{"line":113,"column":6},"end":{"line":120,"column":7}}],"line":113},"17":{"loc":{"start":{"line":114,"column":8},"end":{"line":116,"column":15}},"type":"binary-expr","locations":[{"start":{"line":114,"column":8},"end":{"line":114,"column":49}},{"start":{"line":115,"column":8},"end":{"line":115,"column":53}},{"start":{"line":116,"column":8},"end":{"line":116,"column":15}}],"line":114},"18":{"loc":{"start":{"line":126,"column":6},"end":{"line":131,"column":41}},"type":"if","locations":[{"start":{"line":126,"column":6},"end":{"line":131,"column":41}},{"start":{"line":126,"column":6},"end":{"line":131,"column":41}}],"line":126},"19":{"loc":{"start":{"line":127,"column":8},"end":{"line":129,"column":15}},"type":"binary-expr","locations":[{"start":{"line":127,"column":8},"end":{"line":127,"column":49}},{"start":{"line":128,"column":8},"end":{"line":128,"column":53}},{"start":{"line":129,"column":8},"end":{"line":129,"column":15}}],"line":127},"20":{"loc":{"start":{"line":132,"column":6},"end":{"line":139,"column":7}},"type":"if","locations":[{"start":{"line":132,"column":6},"end":{"line":139,"column":7}},{"start":{"line":132,"column":6},"end":{"line":139,"column":7}}],"line":132},"21":{"loc":{"start":{"line":133,"column":8},"end":{"line":135,"column":15}},"type":"binary-expr","locations":[{"start":{"line":133,"column":8},"end":{"line":133,"column":49}},{"start":{"line":134,"column":8},"end":{"line":134,"column":53}},{"start":{"line":135,"column":8},"end":{"line":135,"column":15}}],"line":133},"22":{"loc":{"start":{"line":149,"column":6},"end":{"line":151,"column":7}},"type":"if","locations":[{"start":{"line":149,"column":6},"end":{"line":151,"column":7}},{"start":{"line":149,"column":6},"end":{"line":151,"column":7}}],"line":149},"23":{"loc":{"start":{"line":154,"column":8},"end":{"line":159,"column":9}},"type":"if","locations":[{"start":{"line":154,"column":8},"end":{"line":159,"column":9}},{"start":{"line":154,"column":8},"end":{"line":159,"column":9}}],"line":154},"24":{"loc":{"start":{"line":173,"column":4},"end":{"line":178,"column":5}},"type":"if","locations":[{"start":{"line":173,"column":4},"end":{"line":178,"column":5}},{"start":{"line":173,"column":4},"end":{"line":178,"column":5}}],"line":173},"25":{"loc":{"start":{"line":185,"column":6},"end":{"line":188,"column":7}},"type":"if","locations":[{"start":{"line":185,"column":6},"end":{"line":188,"column":7}},{"start":{"line":185,"column":6},"end":{"line":188,"column":7}}],"line":185},"26":{"loc":{"start":{"line":189,"column":6},"end":{"line":189,"column":50}},"type":"if","locations":[{"start":{"line":189,"column":6},"end":{"line":189,"column":50}},{"start":{"line":189,"column":6},"end":{"line":189,"column":50}}],"line":189},"27":{"loc":{"start":{"line":195,"column":6},"end":{"line":196,"column":35}},"type":"if","locations":[{"start":{"line":195,"column":6},"end":{"line":196,"column":35}},{"start":{"line":195,"column":6},"end":{"line":196,"column":35}}],"line":195},"28":{"loc":{"start":{"line":195,"column":10},"end":{"line":195,"column":32}},"type":"binary-expr","locations":[{"start":{"line":195,"column":10},"end":{"line":195,"column":21}},{"start":{"line":195,"column":25},"end":{"line":195,"column":32}}],"line":195},"29":{"loc":{"start":{"line":197,"column":6},"end":{"line":200,"column":7}},"type":"if","locations":[{"start":{"line":197,"column":6},"end":{"line":200,"column":7}},{"start":{"line":197,"column":6},"end":{"line":200,"column":7}}],"line":197},"30":{"loc":{"start":{"line":197,"column":10},"end":{"line":197,"column":32}},"type":"binary-expr","locations":[{"start":{"line":197,"column":10},"end":{"line":197,"column":21}},{"start":{"line":197,"column":25},"end":{"line":197,"column":32}}],"line":197},"31":{"loc":{"start":{"line":206,"column":6},"end":{"line":211,"column":35}},"type":"if","locations":[{"start":{"line":206,"column":6},"end":{"line":211,"column":35}},{"start":{"line":206,"column":6},"end":{"line":211,"column":35}}],"line":206},"32":{"loc":{"start":{"line":207,"column":8},"end":{"line":209,"column":15}},"type":"binary-expr","locations":[{"start":{"line":207,"column":8},"end":{"line":207,"column":49}},{"start":{"line":208,"column":8},"end":{"line":208,"column":53}},{"start":{"line":209,"column":8},"end":{"line":209,"column":15}}],"line":207},"33":{"loc":{"start":{"line":212,"column":6},"end":{"line":219,"column":7}},"type":"if","locations":[{"start":{"line":212,"column":6},"end":{"line":219,"column":7}},{"start":{"line":212,"column":6},"end":{"line":219,"column":7}}],"line":212},"34":{"loc":{"start":{"line":213,"column":8},"end":{"line":215,"column":15}},"type":"binary-expr","locations":[{"start":{"line":213,"column":8},"end":{"line":213,"column":49}},{"start":{"line":214,"column":8},"end":{"line":214,"column":53}},{"start":{"line":215,"column":8},"end":{"line":215,"column":15}}],"line":213},"35":{"loc":{"start":{"line":225,"column":6},"end":{"line":230,"column":35}},"type":"if","locations":[{"start":{"line":225,"column":6},"end":{"line":230,"column":35}},{"start":{"line":225,"column":6},"end":{"line":230,"column":35}}],"line":225},"36":{"loc":{"start":{"line":226,"column":8},"end":{"line":228,"column":15}},"type":"binary-expr","locations":[{"start":{"line":226,"column":8},"end":{"line":226,"column":49}},{"start":{"line":227,"column":8},"end":{"line":227,"column":53}},{"start":{"line":228,"column":8},"end":{"line":228,"column":15}}],"line":226},"37":{"loc":{"start":{"line":231,"column":6},"end":{"line":238,"column":7}},"type":"if","locations":[{"start":{"line":231,"column":6},"end":{"line":238,"column":7}},{"start":{"line":231,"column":6},"end":{"line":238,"column":7}}],"line":231},"38":{"loc":{"start":{"line":232,"column":8},"end":{"line":234,"column":15}},"type":"binary-expr","locations":[{"start":{"line":232,"column":8},"end":{"line":232,"column":49}},{"start":{"line":233,"column":8},"end":{"line":233,"column":53}},{"start":{"line":234,"column":8},"end":{"line":234,"column":15}}],"line":232},"39":{"loc":{"start":{"line":248,"column":6},"end":{"line":250,"column":7}},"type":"if","locations":[{"start":{"line":248,"column":6},"end":{"line":250,"column":7}},{"start":{"line":248,"column":6},"end":{"line":250,"column":7}}],"line":248},"40":{"loc":{"start":{"line":253,"column":8},"end":{"line":258,"column":9}},"type":"if","locations":[{"start":{"line":253,"column":8},"end":{"line":258,"column":9}},{"start":{"line":253,"column":8},"end":{"line":258,"column":9}}],"line":253},"41":{"loc":{"start":{"line":273,"column":6},"end":{"line":275,"column":7}},"type":"if","locations":[{"start":{"line":273,"column":6},"end":{"line":275,"column":7}},{"start":{"line":273,"column":6},"end":{"line":275,"column":7}}],"line":273},"42":{"loc":{"start":{"line":277,"column":4},"end":{"line":279,"column":5}},"type":"if","locations":[{"start":{"line":277,"column":4},"end":{"line":279,"column":5}},{"start":{"line":277,"column":4},"end":{"line":279,"column":5}}],"line":277}},"s":{"0":1,"1":1,"2":1,"3":1,"4":1,"5":1,"6":1,"7":1,"8":1,"9":1,"10":1,"11":1,"12":1,"13":11,"14":2,"15":4,"16":30,"17":30,"18":30,"19":0,"20":30,"21":0,"22":0,"23":0,"24":24,"25":12,"26":12,"27":0,"28":12,"29":4,"30":4,"31":3,"32":3,"33":3,"34":4,"35":4,"36":4,"37":4,"38":4,"39":4,"40":4,"41":0,"42":0,"43":4,"44":4,"45":32,"46":32,"47":0,"48":32,"49":0,"50":0,"51":4,"52":4,"53":4,"54":4,"55":0,"56":4,"57":4,"58":4,"59":4,"60":4,"61":4,"62":4,"63":0,"64":4,"65":4,"66":4,"67":4,"68":4,"69":4,"70":16,"71":16,"72":16,"73":16,"74":8,"75":8,"76":8,"77":0,"78":8,"79":8,"80":0,"81":4,"82":4,"83":2,"84":2,"85":2,"86":0,"87":0,"88":0,"89":0,"90":2,"91":2,"92":2,"93":2,"94":2,"95":2,"96":2,"97":0,"98":0,"99":2,"100":2,"101":16,"102":16,"103":0,"104":16,"105":0,"106":0,"107":2,"108":2,"109":2,"110":2,"111":0,"112":2,"113":2,"114":2,"115":2,"116":2,"117":2,"118":2,"119":0,"120":2,"121":2,"122":2,"123":2,"124":2,"125":2,"126":8,"127":8,"128":8,"129":8,"130":4,"131":4,"132":4,"133":0,"134":4,"135":4,"136":0,"137":2,"138":2,"139":2,"140":2,"141":1,"142":1,"143":1,"144":1,"145":0,"146":0,"147":1,"148":0,"149":1,"150":1},"f":{"0":1,"1":1,"2":1,"3":1,"4":1,"5":1,"6":11,"7":2,"8":4,"9":30,"10":24,"11":4,"12":2,"13":1},"b":{"0":[30,0],"1":[0,30],"2":[0,0],"3":[12,12],"4":[24,24],"5":[0,12],"6":[12,12],"7":[3,1],"8":[4,0],"9":[0,0],"10":[0,32],"11":[32,0],"12":[0,32],"13":[32,0],"14":[0,4],"15":[4,4,4],"16":[4,0],"17":[4,4,4],"18":[0,4],"19":[4,4,4],"20":[4,0],"21":[4,4,4],"22":[8,8],"23":[0,8],"24":[0,2],"25":[2,0],"26":[0,0],"27":[0,16],"28":[16,0],"29":[0,16],"30":[16,0],"31":[0,2],"32":[2,2,2],"33":[2,0],"34":[2,2,2],"35":[0,2],"36":[2,2,2],"37":[2,0],"38":[2,2,2],"39":[4,4],"40":[0,4],"41":[0,0],"42":[0,1]},"_coverageSchema":"1a1c01bbd47fc00a2c39e90264f33305004495a9","hash":"ebda737456454d8246ba9cadc3d8082aca75d093","contentHash":"2f834fdbe9316b3f3fb9d5302f1931ea9aff5a8aa7c896c476f78782d79ed02c"},"/Users/matthewchong/Desktop/DU/Pre-Junior/Winter Quarter/SE 181/C.H.E.S.S--Game/public/js/Rook.js":{"path":"/Users/matthewchong/Desktop/DU/Pre-Junior/Winter Quarter/SE 181/C.H.E.S.S--Game/public/js/Rook.js","statementMap":{"0":{"start":{"line":3,"column":8},"end":{"line":3,"column":33}},"1":{"start":{"line":4,"column":8},"end":{"line":4,"column":29}},"2":{"start":{"line":5,"column":8},"end":{"line":5,"column":25}},"3":{"start":{"line":6,"column":8},"end":{"line":6,"column":28}},"4":{"start":{"line":7,"column":8},"end":{"line":7,"column":38}},"5":{"start":{"line":8,"column":8},"end":{"line":8,"column":35}},"6":{"start":{"line":11,"column":8},"end":{"line":11,"column":29}},"7":{"start":{"line":15,"column":8},"end":{"line":15,"column":31}},"8":{"start":{"line":19,"column":2},"end":{"line":19,"column":22}},"9":{"start":{"line":23,"column":8},"end":{"line":23,"column":26}},"10":{"start":{"line":27,"column":8},"end":{"line":29,"column":67}},"11":{"start":{"line":27,"column":21},"end":{"line":27,"column":22}},"12":{"start":{"line":29,"column":12},"end":{"line":29,"column":67}},"13":{"start":{"line":33,"column":8},"end":{"line":33,"column":31}},"14":{"start":{"line":37,"column":2},"end":{"line":37,"column":19}},"15":{"start":{"line":41,"column":8},"end":{"line":41,"column":38}},"16":{"start":{"line":45,"column":21},"end":{"line":45,"column":22}},"17":{"start":{"line":46,"column":8},"end":{"line":57,"column":9}},"18":{"start":{"line":48,"column":16},"end":{"line":50,"column":17}},"19":{"start":{"line":49,"column":20},"end":{"line":49,"column":55}},"20":{"start":{"line":51,"column":16},"end":{"line":51,"column":22}},"21":{"start":{"line":53,"column":16},"end":{"line":55,"column":17}},"22":{"start":{"line":54,"column":20},"end":{"line":54,"column":55}},"23":{"start":{"line":56,"column":16},"end":{"line":56,"column":22}},"24":{"start":{"line":62,"column":25},"end":{"line":62,"column":46}},"25":{"start":{"line":63,"column":8},"end":{"line":68,"column":9}},"26":{"start":{"line":64,"column":12},"end":{"line":64,"column":45}},"27":{"start":{"line":65,"column":12},"end":{"line":65,"column":42}},"28":{"start":{"line":67,"column":12},"end":{"line":67,"column":25}},"29":{"start":{"line":70,"column":22},"end":{"line":70,"column":37}},"30":{"start":{"line":73,"column":8},"end":{"line":81,"column":9}},"31":{"start":{"line":73,"column":21},"end":{"line":73,"column":23}},"32":{"start":{"line":74,"column":25},"end":{"line":74,"column":39}},"33":{"start":{"line":75,"column":12},"end":{"line":78,"column":13}},"34":{"start":{"line":76,"column":16},"end":{"line":76,"column":42}},"35":{"start":{"line":77,"column":16},"end":{"line":77,"column":22}},"36":{"start":{"line":79,"column":12},"end":{"line":80,"column":49}},"37":{"start":{"line":80,"column":16},"end":{"line":80,"column":49}},"38":{"start":{"line":84,"column":8},"end":{"line":92,"column":9}},"39":{"start":{"line":84,"column":21},"end":{"line":84,"column":23}},"40":{"start":{"line":85,"column":25},"end":{"line":85,"column":39}},"41":{"start":{"line":86,"column":12},"end":{"line":87,"column":49}},"42":{"start":{"line":87,"column":16},"end":{"line":87,"column":49}},"43":{"start":{"line":88,"column":12},"end":{"line":91,"column":13}},"44":{"start":{"line":89,"column":16},"end":{"line":89,"column":42}},"45":{"start":{"line":90,"column":16},"end":{"line":90,"column":22}},"46":{"start":{"line":95,"column":8},"end":{"line":105,"column":9}},"47":{"start":{"line":95,"column":21},"end":{"line":95,"column":22}},"48":{"start":{"line":96,"column":25},"end":{"line":96,"column":39}},"49":{"start":{"line":97,"column":36},"end":{"line":97,"column":72}},"50":{"start":{"line":98,"column":36},"end":{"line":98,"column":68}},"51":{"start":{"line":99,"column":12},"end":{"line":100,"column":49}},"52":{"start":{"line":100,"column":16},"end":{"line":100,"column":49}},"53":{"start":{"line":101,"column":12},"end":{"line":104,"column":13}},"54":{"start":{"line":102,"column":16},"end":{"line":102,"column":42}},"55":{"start":{"line":103,"column":16},"end":{"line":103,"column":22}},"56":{"start":{"line":108,"column":8},"end":{"line":118,"column":9}},"57":{"start":{"line":108,"column":21},"end":{"line":108,"column":22}},"58":{"start":{"line":109,"column":25},"end":{"line":109,"column":39}},"59":{"start":{"line":110,"column":36},"end":{"line":110,"column":72}},"60":{"start":{"line":111,"column":36},"end":{"line":111,"column":68}},"61":{"start":{"line":112,"column":12},"end":{"line":113,"column":49}},"62":{"start":{"line":113,"column":16},"end":{"line":113,"column":49}},"63":{"start":{"line":114,"column":12},"end":{"line":117,"column":13}},"64":{"start":{"line":115,"column":16},"end":{"line":115,"column":42}},"65":{"start":{"line":116,"column":16},"end":{"line":116,"column":21}},"66":{"start":{"line":120,"column":8},"end":{"line":120,"column":42}},"67":{"start":{"line":121,"column":8},"end":{"line":121,"column":35}},"68":{"start":{"line":127,"column":28},"end":{"line":127,"column":39}},"69":{"start":{"line":128,"column":25},"end":{"line":128,"column":46}},"70":{"start":{"line":129,"column":8},"end":{"line":134,"column":9}},"71":{"start":{"line":130,"column":12},"end":{"line":130,"column":45}},"72":{"start":{"line":131,"column":12},"end":{"line":131,"column":42}},"73":{"start":{"line":132,"column":12},"end":{"line":132,"column":30}},"74":{"start":{"line":133,"column":12},"end":{"line":133,"column":25}},"75":{"start":{"line":136,"column":22},"end":{"line":136,"column":37}},"76":{"start":{"line":139,"column":8},"end":{"line":147,"column":9}},"77":{"start":{"line":139,"column":21},"end":{"line":139,"column":23}},"78":{"start":{"line":140,"column":25},"end":{"line":140,"column":39}},"79":{"start":{"line":141,"column":12},"end":{"line":144,"column":13}},"80":{"start":{"line":142,"column":16},"end":{"line":142,"column":42}},"81":{"start":{"line":143,"column":16},"end":{"line":143,"column":22}},"82":{"start":{"line":145,"column":12},"end":{"line":146,"column":43}},"83":{"start":{"line":146,"column":16},"end":{"line":146,"column":43}},"84":{"start":{"line":150,"column":8},"end":{"line":158,"column":9}},"85":{"start":{"line":150,"column":21},"end":{"line":150,"column":23}},"86":{"start":{"line":151,"column":25},"end":{"line":151,"column":39}},"87":{"start":{"line":152,"column":12},"end":{"line":153,"column":43}},"88":{"start":{"line":153,"column":16},"end":{"line":153,"column":43}},"89":{"start":{"line":154,"column":12},"end":{"line":157,"column":13}},"90":{"start":{"line":155,"column":16},"end":{"line":155,"column":42}},"91":{"start":{"line":156,"column":16},"end":{"line":156,"column":22}},"92":{"start":{"line":161,"column":8},"end":{"line":171,"column":9}},"93":{"start":{"line":161,"column":21},"end":{"line":161,"column":22}},"94":{"start":{"line":162,"column":25},"end":{"line":162,"column":39}},"95":{"start":{"line":163,"column":36},"end":{"line":163,"column":72}},"96":{"start":{"line":164,"column":36},"end":{"line":164,"column":68}},"97":{"start":{"line":165,"column":12},"end":{"line":166,"column":43}},"98":{"start":{"line":166,"column":16},"end":{"line":166,"column":43}},"99":{"start":{"line":167,"column":12},"end":{"line":170,"column":13}},"100":{"start":{"line":168,"column":16},"end":{"line":168,"column":42}},"101":{"start":{"line":169,"column":16},"end":{"line":169,"column":22}},"102":{"start":{"line":174,"column":8},"end":{"line":184,"column":9}},"103":{"start":{"line":174,"column":21},"end":{"line":174,"column":22}},"104":{"start":{"line":175,"column":25},"end":{"line":175,"column":39}},"105":{"start":{"line":176,"column":36},"end":{"line":176,"column":72}},"106":{"start":{"line":177,"column":36},"end":{"line":177,"column":68}},"107":{"start":{"line":178,"column":12},"end":{"line":179,"column":43}},"108":{"start":{"line":179,"column":16},"end":{"line":179,"column":43}},"109":{"start":{"line":180,"column":12},"end":{"line":183,"column":13}},"110":{"start":{"line":181,"column":16},"end":{"line":181,"column":42}},"111":{"start":{"line":182,"column":16},"end":{"line":182,"column":21}},"112":{"start":{"line":186,"column":8},"end":{"line":186,"column":42}},"113":{"start":{"line":187,"column":26},"end":{"line":187,"column":59}},"114":{"start":{"line":188,"column":8},"end":{"line":188,"column":36}},"115":{"start":{"line":189,"column":8},"end":{"line":189,"column":27}},"116":{"start":{"line":193,"column":29},"end":{"line":193,"column":40}},"117":{"start":{"line":194,"column":20},"end":{"line":194,"column":40}},"118":{"start":{"line":196,"column":8},"end":{"line":201,"column":9}},"119":{"start":{"line":196,"column":20},"end":{"line":196,"column":21}},"120":{"start":{"line":198,"column":13},"end":{"line":200,"column":14}},"121":{"start":{"line":199,"column":17},"end":{"line":199,"column":47}},"122":{"start":{"line":202,"column":8},"end":{"line":202,"column":88}},"123":{"start":{"line":202,"column":50},"end":{"line":202,"column":87}},"124":{"start":{"line":203,"column":8},"end":{"line":203,"column":29}},"125":{"start":{"line":207,"column":28},"end":{"line":207,"column":39}},"126":{"start":{"line":208,"column":25},"end":{"line":208,"column":46}},"127":{"start":{"line":209,"column":8},"end":{"line":214,"column":9}},"128":{"start":{"line":210,"column":12},"end":{"line":210,"column":45}},"129":{"start":{"line":211,"column":12},"end":{"line":211,"column":42}},"130":{"start":{"line":212,"column":12},"end":{"line":212,"column":30}},"131":{"start":{"line":213,"column":12},"end":{"line":213,"column":25}},"132":{"start":{"line":216,"column":22},"end":{"line":216,"column":37}},"133":{"start":{"line":219,"column":8},"end":{"line":227,"column":9}},"134":{"start":{"line":219,"column":21},"end":{"line":219,"column":23}},"135":{"start":{"line":220,"column":25},"end":{"line":220,"column":39}},"136":{"start":{"line":221,"column":12},"end":{"line":224,"column":13}},"137":{"start":{"line":222,"column":16},"end":{"line":222,"column":42}},"138":{"start":{"line":223,"column":16},"end":{"line":223,"column":22}},"139":{"start":{"line":225,"column":12},"end":{"line":226,"column":43}},"140":{"start":{"line":226,"column":16},"end":{"line":226,"column":43}},"141":{"start":{"line":230,"column":8},"end":{"line":238,"column":9}},"142":{"start":{"line":230,"column":21},"end":{"line":230,"column":23}},"143":{"start":{"line":231,"column":25},"end":{"line":231,"column":39}},"144":{"start":{"line":232,"column":12},"end":{"line":233,"column":43}},"145":{"start":{"line":233,"column":16},"end":{"line":233,"column":43}},"146":{"start":{"line":234,"column":12},"end":{"line":237,"column":13}},"147":{"start":{"line":235,"column":16},"end":{"line":235,"column":42}},"148":{"start":{"line":236,"column":16},"end":{"line":236,"column":22}},"149":{"start":{"line":241,"column":8},"end":{"line":251,"column":9}},"150":{"start":{"line":241,"column":21},"end":{"line":241,"column":22}},"151":{"start":{"line":242,"column":25},"end":{"line":242,"column":39}},"152":{"start":{"line":243,"column":36},"end":{"line":243,"column":72}},"153":{"start":{"line":244,"column":36},"end":{"line":244,"column":68}},"154":{"start":{"line":245,"column":12},"end":{"line":246,"column":43}},"155":{"start":{"line":246,"column":16},"end":{"line":246,"column":43}},"156":{"start":{"line":247,"column":12},"end":{"line":250,"column":13}},"157":{"start":{"line":248,"column":16},"end":{"line":248,"column":42}},"158":{"start":{"line":249,"column":16},"end":{"line":249,"column":22}},"159":{"start":{"line":254,"column":8},"end":{"line":264,"column":9}},"160":{"start":{"line":254,"column":21},"end":{"line":254,"column":22}},"161":{"start":{"line":255,"column":25},"end":{"line":255,"column":39}},"162":{"start":{"line":256,"column":36},"end":{"line":256,"column":72}},"163":{"start":{"line":257,"column":36},"end":{"line":257,"column":68}},"164":{"start":{"line":258,"column":12},"end":{"line":263,"column":13}},"165":{"start":{"line":259,"column":16},"end":{"line":259,"column":43}},"166":{"start":{"line":260,"column":17},"end":{"line":263,"column":13}},"167":{"start":{"line":261,"column":16},"end":{"line":261,"column":42}},"168":{"start":{"line":262,"column":16},"end":{"line":262,"column":21}},"169":{"start":{"line":265,"column":8},"end":{"line":265,"column":35}},"170":{"start":{"line":267,"column":8},"end":{"line":267,"column":42}},"171":{"start":{"line":268,"column":26},"end":{"line":268,"column":59}},"172":{"start":{"line":269,"column":8},"end":{"line":269,"column":36}},"173":{"start":{"line":270,"column":8},"end":{"line":270,"column":27}},"174":{"start":{"line":274,"column":29},"end":{"line":274,"column":40}},"175":{"start":{"line":275,"column":20},"end":{"line":275,"column":40}},"176":{"start":{"line":277,"column":8},"end":{"line":282,"column":9}},"177":{"start":{"line":277,"column":21},"end":{"line":277,"column":22}},"178":{"start":{"line":279,"column":12},"end":{"line":281,"column":13}},"179":{"start":{"line":280,"column":16},"end":{"line":280,"column":46}},"180":{"start":{"line":283,"column":8},"end":{"line":283,"column":92}},"181":{"start":{"line":283,"column":53},"end":{"line":283,"column":90}},"182":{"start":{"line":284,"column":8},"end":{"line":284,"column":29}},"183":{"start":{"line":289,"column":0},"end":{"line":291,"column":1}}},"fnMap":{"0":{"name":"(anonymous_0)","decl":{"start":{"line":2,"column":4},"end":{"line":2,"column":5}},"loc":{"start":{"line":2,"column":40},"end":{"line":9,"column":5}},"line":2},"1":{"name":"(anonymous_1)","decl":{"start":{"line":10,"column":4},"end":{"line":10,"column":5}},"loc":{"start":{"line":10,"column":18},"end":{"line":12,"column":5}},"line":10},"2":{"name":"(anonymous_2)","decl":{"start":{"line":14,"column":4},"end":{"line":14,"column":5}},"loc":{"start":{"line":14,"column":24},"end":{"line":16,"column":5}},"line":14},"3":{"name":"(anonymous_3)","decl":{"start":{"line":18,"column":1},"end":{"line":18,"column":2}},"loc":{"start":{"line":18,"column":17},"end":{"line":20,"column":2}},"line":18},"4":{"name":"(anonymous_4)","decl":{"start":{"line":22,"column":4},"end":{"line":22,"column":5}},"loc":{"start":{"line":22,"column":16},"end":{"line":24,"column":5}},"line":22},"5":{"name":"(anonymous_5)","decl":{"start":{"line":26,"column":4},"end":{"line":26,"column":5}},"loc":{"start":{"line":26,"column":31},"end":{"line":30,"column":5}},"line":26},"6":{"name":"(anonymous_6)","decl":{"start":{"line":32,"column":4},"end":{"line":32,"column":5}},"loc":{"start":{"line":32,"column":19},"end":{"line":34,"column":5}},"line":32},"7":{"name":"(anonymous_7)","decl":{"start":{"line":36,"column":1},"end":{"line":36,"column":2}},"loc":{"start":{"line":36,"column":10},"end":{"line":38,"column":2}},"line":36},"8":{"name":"(anonymous_8)","decl":{"start":{"line":40,"column":4},"end":{"line":40,"column":5}},"loc":{"start":{"line":40,"column":12},"end":{"line":42,"column":5}},"line":40},"9":{"name":"(anonymous_9)","decl":{"start":{"line":44,"column":4},"end":{"line":44,"column":5}},"loc":{"start":{"line":44,"column":26},"end":{"line":58,"column":5}},"line":44},"10":{"name":"(anonymous_10)","decl":{"start":{"line":60,"column":4},"end":{"line":60,"column":5}},"loc":{"start":{"line":60,"column":20},"end":{"line":124,"column":5}},"line":60},"11":{"name":"(anonymous_11)","decl":{"start":{"line":126,"column":4},"end":{"line":126,"column":5}},"loc":{"start":{"line":126,"column":28},"end":{"line":190,"column":5}},"line":126},"12":{"name":"(anonymous_12)","decl":{"start":{"line":192,"column":4},"end":{"line":192,"column":5}},"loc":{"start":{"line":192,"column":51},"end":{"line":204,"column":5}},"line":192},"13":{"name":"(anonymous_13)","decl":{"start":{"line":206,"column":4},"end":{"line":206,"column":5}},"loc":{"start":{"line":206,"column":33},"end":{"line":271,"column":5}},"line":206},"14":{"name":"(anonymous_14)","decl":{"start":{"line":273,"column":4},"end":{"line":273,"column":5}},"loc":{"start":{"line":273,"column":53},"end":{"line":285,"column":5}},"line":273}},"branchMap":{"0":{"loc":{"start":{"line":46,"column":8},"end":{"line":57,"column":9}},"type":"switch","locations":[{"start":{"line":47,"column":12},"end":{"line":51,"column":22}},{"start":{"line":52,"column":12},"end":{"line":56,"column":22}}],"line":46},"1":{"loc":{"start":{"line":48,"column":16},"end":{"line":50,"column":17}},"type":"if","locations":[{"start":{"line":48,"column":16},"end":{"line":50,"column":17}},{"start":{"line":48,"column":16},"end":{"line":50,"column":17}}],"line":48},"2":{"loc":{"start":{"line":53,"column":16},"end":{"line":55,"column":17}},"type":"if","locations":[{"start":{"line":53,"column":16},"end":{"line":55,"column":17}},{"start":{"line":53,"column":16},"end":{"line":55,"column":17}}],"line":53},"3":{"loc":{"start":{"line":63,"column":8},"end":{"line":68,"column":9}},"type":"if","locations":[{"start":{"line":63,"column":8},"end":{"line":68,"column":9}},{"start":{"line":63,"column":8},"end":{"line":68,"column":9}}],"line":63},"4":{"loc":{"start":{"line":75,"column":12},"end":{"line":78,"column":13}},"type":"if","locations":[{"start":{"line":75,"column":12},"end":{"line":78,"column":13}},{"start":{"line":75,"column":12},"end":{"line":78,"column":13}}],"line":75},"5":{"loc":{"start":{"line":79,"column":12},"end":{"line":80,"column":49}},"type":"if","locations":[{"start":{"line":79,"column":12},"end":{"line":80,"column":49}},{"start":{"line":79,"column":12},"end":{"line":80,"column":49}}],"line":79},"6":{"loc":{"start":{"line":86,"column":12},"end":{"line":87,"column":49}},"type":"if","locations":[{"start":{"line":86,"column":12},"end":{"line":87,"column":49}},{"start":{"line":86,"column":12},"end":{"line":87,"column":49}}],"line":86},"7":{"loc":{"start":{"line":86,"column":16},"end":{"line":86,"column":38}},"type":"binary-expr","locations":[{"start":{"line":86,"column":16},"end":{"line":86,"column":27}},{"start":{"line":86,"column":31},"end":{"line":86,"column":38}}],"line":86},"8":{"loc":{"start":{"line":88,"column":12},"end":{"line":91,"column":13}},"type":"if","locations":[{"start":{"line":88,"column":12},"end":{"line":91,"column":13}},{"start":{"line":88,"column":12},"end":{"line":91,"column":13}}],"line":88},"9":{"loc":{"start":{"line":88,"column":16},"end":{"line":88,"column":38}},"type":"binary-expr","locations":[{"start":{"line":88,"column":16},"end":{"line":88,"column":27}},{"start":{"line":88,"column":31},"end":{"line":88,"column":38}}],"line":88},"10":{"loc":{"start":{"line":99,"column":12},"end":{"line":100,"column":49}},"type":"if","locations":[{"start":{"line":99,"column":12},"end":{"line":100,"column":49}},{"start":{"line":99,"column":12},"end":{"line":100,"column":49}}],"line":99},"11":{"loc":{"start":{"line":99,"column":16},"end":{"line":99,"column":81}},"type":"binary-expr","locations":[{"start":{"line":99,"column":16},"end":{"line":99,"column":41}},{"start":{"line":99,"column":45},"end":{"line":99,"column":70}},{"start":{"line":99,"column":74},"end":{"line":99,"column":81}}],"line":99},"12":{"loc":{"start":{"line":101,"column":12},"end":{"line":104,"column":13}},"type":"if","locations":[{"start":{"line":101,"column":12},"end":{"line":104,"column":13}},{"start":{"line":101,"column":12},"end":{"line":104,"column":13}}],"line":101},"13":{"loc":{"start":{"line":101,"column":16},"end":{"line":101,"column":80}},"type":"binary-expr","locations":[{"start":{"line":101,"column":16},"end":{"line":101,"column":41}},{"start":{"line":101,"column":45},"end":{"line":101,"column":70}},{"start":{"line":101,"column":74},"end":{"line":101,"column":80}}],"line":101},"14":{"loc":{"start":{"line":112,"column":12},"end":{"line":113,"column":49}},"type":"if","locations":[{"start":{"line":112,"column":12},"end":{"line":113,"column":49}},{"start":{"line":112,"column":12},"end":{"line":113,"column":49}}],"line":112},"15":{"loc":{"start":{"line":112,"column":16},"end":{"line":112,"column":81}},"type":"binary-expr","locations":[{"start":{"line":112,"column":16},"end":{"line":112,"column":41}},{"start":{"line":112,"column":45},"end":{"line":112,"column":70}},{"start":{"line":112,"column":74},"end":{"line":112,"column":81}}],"line":112},"16":{"loc":{"start":{"line":114,"column":12},"end":{"line":117,"column":13}},"type":"if","locations":[{"start":{"line":114,"column":12},"end":{"line":117,"column":13}},{"start":{"line":114,"column":12},"end":{"line":117,"column":13}}],"line":114},"17":{"loc":{"start":{"line":114,"column":16},"end":{"line":114,"column":81}},"type":"binary-expr","locations":[{"start":{"line":114,"column":16},"end":{"line":114,"column":41}},{"start":{"line":114,"column":45},"end":{"line":114,"column":70}},{"start":{"line":114,"column":74},"end":{"line":114,"column":81}}],"line":114},"18":{"loc":{"start":{"line":129,"column":8},"end":{"line":134,"column":9}},"type":"if","locations":[{"start":{"line":129,"column":8},"end":{"line":134,"column":9}},{"start":{"line":129,"column":8},"end":{"line":134,"column":9}}],"line":129},"19":{"loc":{"start":{"line":141,"column":12},"end":{"line":144,"column":13}},"type":"if","locations":[{"start":{"line":141,"column":12},"end":{"line":144,"column":13}},{"start":{"line":141,"column":12},"end":{"line":144,"column":13}}],"line":141},"20":{"loc":{"start":{"line":145,"column":12},"end":{"line":146,"column":43}},"type":"if","locations":[{"start":{"line":145,"column":12},"end":{"line":146,"column":43}},{"start":{"line":145,"column":12},"end":{"line":146,"column":43}}],"line":145},"21":{"loc":{"start":{"line":152,"column":12},"end":{"line":153,"column":43}},"type":"if","locations":[{"start":{"line":152,"column":12},"end":{"line":153,"column":43}},{"start":{"line":152,"column":12},"end":{"line":153,"column":43}}],"line":152},"22":{"loc":{"start":{"line":152,"column":16},"end":{"line":152,"column":38}},"type":"binary-expr","locations":[{"start":{"line":152,"column":16},"end":{"line":152,"column":27}},{"start":{"line":152,"column":31},"end":{"line":152,"column":38}}],"line":152},"23":{"loc":{"start":{"line":154,"column":12},"end":{"line":157,"column":13}},"type":"if","locations":[{"start":{"line":154,"column":12},"end":{"line":157,"column":13}},{"start":{"line":154,"column":12},"end":{"line":157,"column":13}}],"line":154},"24":{"loc":{"start":{"line":154,"column":16},"end":{"line":154,"column":38}},"type":"binary-expr","locations":[{"start":{"line":154,"column":16},"end":{"line":154,"column":27}},{"start":{"line":154,"column":31},"end":{"line":154,"column":38}}],"line":154},"25":{"loc":{"start":{"line":165,"column":12},"end":{"line":166,"column":43}},"type":"if","locations":[{"start":{"line":165,"column":12},"end":{"line":166,"column":43}},{"start":{"line":165,"column":12},"end":{"line":166,"column":43}}],"line":165},"26":{"loc":{"start":{"line":165,"column":16},"end":{"line":165,"column":81}},"type":"binary-expr","locations":[{"start":{"line":165,"column":16},"end":{"line":165,"column":41}},{"start":{"line":165,"column":45},"end":{"line":165,"column":70}},{"start":{"line":165,"column":74},"end":{"line":165,"column":81}}],"line":165},"27":{"loc":{"start":{"line":167,"column":12},"end":{"line":170,"column":13}},"type":"if","locations":[{"start":{"line":167,"column":12},"end":{"line":170,"column":13}},{"start":{"line":167,"column":12},"end":{"line":170,"column":13}}],"line":167},"28":{"loc":{"start":{"line":167,"column":16},"end":{"line":167,"column":81}},"type":"binary-expr","locations":[{"start":{"line":167,"column":16},"end":{"line":167,"column":41}},{"start":{"line":167,"column":45},"end":{"line":167,"column":70}},{"start":{"line":167,"column":74},"end":{"line":167,"column":81}}],"line":167},"29":{"loc":{"start":{"line":178,"column":12},"end":{"line":179,"column":43}},"type":"if","locations":[{"start":{"line":178,"column":12},"end":{"line":179,"column":43}},{"start":{"line":178,"column":12},"end":{"line":179,"column":43}}],"line":178},"30":{"loc":{"start":{"line":178,"column":16},"end":{"line":178,"column":81}},"type":"binary-expr","locations":[{"start":{"line":178,"column":16},"end":{"line":178,"column":41}},{"start":{"line":178,"column":45},"end":{"line":178,"column":70}},{"start":{"line":178,"column":74},"end":{"line":178,"column":81}}],"line":178},"31":{"loc":{"start":{"line":180,"column":12},"end":{"line":183,"column":13}},"type":"if","locations":[{"start":{"line":180,"column":12},"end":{"line":183,"column":13}},{"start":{"line":180,"column":12},"end":{"line":183,"column":13}}],"line":180},"32":{"loc":{"start":{"line":180,"column":16},"end":{"line":180,"column":81}},"type":"binary-expr","locations":[{"start":{"line":180,"column":16},"end":{"line":180,"column":41}},{"start":{"line":180,"column":45},"end":{"line":180,"column":70}},{"start":{"line":180,"column":74},"end":{"line":180,"column":81}}],"line":180},"33":{"loc":{"start":{"line":198,"column":13},"end":{"line":200,"column":14}},"type":"if","locations":[{"start":{"line":198,"column":13},"end":{"line":200,"column":14}},{"start":{"line":198,"column":13},"end":{"line":200,"column":14}}],"line":198},"34":{"loc":{"start":{"line":202,"column":8},"end":{"line":202,"column":88}},"type":"if","locations":[{"start":{"line":202,"column":8},"end":{"line":202,"column":88}},{"start":{"line":202,"column":8},"end":{"line":202,"column":88}}],"line":202},"35":{"loc":{"start":{"line":209,"column":8},"end":{"line":214,"column":9}},"type":"if","locations":[{"start":{"line":209,"column":8},"end":{"line":214,"column":9}},{"start":{"line":209,"column":8},"end":{"line":214,"column":9}}],"line":209},"36":{"loc":{"start":{"line":221,"column":12},"end":{"line":224,"column":13}},"type":"if","locations":[{"start":{"line":221,"column":12},"end":{"line":224,"column":13}},{"start":{"line":221,"column":12},"end":{"line":224,"column":13}}],"line":221},"37":{"loc":{"start":{"line":225,"column":12},"end":{"line":226,"column":43}},"type":"if","locations":[{"start":{"line":225,"column":12},"end":{"line":226,"column":43}},{"start":{"line":225,"column":12},"end":{"line":226,"column":43}}],"line":225},"38":{"loc":{"start":{"line":232,"column":12},"end":{"line":233,"column":43}},"type":"if","locations":[{"start":{"line":232,"column":12},"end":{"line":233,"column":43}},{"start":{"line":232,"column":12},"end":{"line":233,"column":43}}],"line":232},"39":{"loc":{"start":{"line":232,"column":16},"end":{"line":232,"column":100}},"type":"binary-expr","locations":[{"start":{"line":232,"column":16},"end":{"line":232,"column":27}},{"start":{"line":232,"column":32},"end":{"line":232,"column":39}},{"start":{"line":232,"column":43},"end":{"line":232,"column":69}},{"start":{"line":232,"column":73},"end":{"line":232,"column":99}}],"line":232},"40":{"loc":{"start":{"line":234,"column":12},"end":{"line":237,"column":13}},"type":"if","locations":[{"start":{"line":234,"column":12},"end":{"line":237,"column":13}},{"start":{"line":234,"column":12},"end":{"line":237,"column":13}}],"line":234},"41":{"loc":{"start":{"line":234,"column":16},"end":{"line":234,"column":38}},"type":"binary-expr","locations":[{"start":{"line":234,"column":16},"end":{"line":234,"column":27}},{"start":{"line":234,"column":31},"end":{"line":234,"column":38}}],"line":234},"42":{"loc":{"start":{"line":245,"column":12},"end":{"line":246,"column":43}},"type":"if","locations":[{"start":{"line":245,"column":12},"end":{"line":246,"column":43}},{"start":{"line":245,"column":12},"end":{"line":246,"column":43}}],"line":245},"43":{"loc":{"start":{"line":245,"column":16},"end":{"line":245,"column":143}},"type":"binary-expr","locations":[{"start":{"line":245,"column":16},"end":{"line":245,"column":41}},{"start":{"line":245,"column":45},"end":{"line":245,"column":70}},{"start":{"line":245,"column":75},"end":{"line":245,"column":82}},{"start":{"line":245,"column":86},"end":{"line":245,"column":112}},{"start":{"line":245,"column":116},"end":{"line":245,"column":142}}],"line":245},"44":{"loc":{"start":{"line":247,"column":12},"end":{"line":250,"column":13}},"type":"if","locations":[{"start":{"line":247,"column":12},"end":{"line":250,"column":13}},{"start":{"line":247,"column":12},"end":{"line":250,"column":13}}],"line":247},"45":{"loc":{"start":{"line":247,"column":16},"end":{"line":247,"column":81}},"type":"binary-expr","locations":[{"start":{"line":247,"column":16},"end":{"line":247,"column":41}},{"start":{"line":247,"column":45},"end":{"line":247,"column":70}},{"start":{"line":247,"column":74},"end":{"line":247,"column":81}}],"line":247},"46":{"loc":{"start":{"line":258,"column":12},"end":{"line":263,"column":13}},"type":"if","locations":[{"start":{"line":258,"column":12},"end":{"line":263,"column":13}},{"start":{"line":258,"column":12},"end":{"line":263,"column":13}}],"line":258},"47":{"loc":{"start":{"line":258,"column":16},"end":{"line":258,"column":187}},"type":"binary-expr","locations":[{"start":{"line":258,"column":16},"end":{"line":258,"column":41}},{"start":{"line":258,"column":45},"end":{"line":258,"column":70}},{"start":{"line":258,"column":75},"end":{"line":258,"column":82}},{"start":{"line":258,"column":86},"end":{"line":258,"column":134}},{"start":{"line":258,"column":138},"end":{"line":258,"column":186}}],"line":258},"48":{"loc":{"start":{"line":260,"column":17},"end":{"line":263,"column":13}},"type":"if","locations":[{"start":{"line":260,"column":17},"end":{"line":263,"column":13}},{"start":{"line":260,"column":17},"end":{"line":263,"column":13}}],"line":260},"49":{"loc":{"start":{"line":260,"column":21},"end":{"line":260,"column":86}},"type":"binary-expr","locations":[{"start":{"line":260,"column":21},"end":{"line":260,"column":46}},{"start":{"line":260,"column":50},"end":{"line":260,"column":75}},{"start":{"line":260,"column":79},"end":{"line":260,"column":86}}],"line":260},"50":{"loc":{"start":{"line":279,"column":12},"end":{"line":281,"column":13}},"type":"if","locations":[{"start":{"line":279,"column":12},"end":{"line":281,"column":13}},{"start":{"line":279,"column":12},"end":{"line":281,"column":13}}],"line":279},"51":{"loc":{"start":{"line":283,"column":8},"end":{"line":283,"column":92}},"type":"if","locations":[{"start":{"line":283,"column":8},"end":{"line":283,"column":92}},{"start":{"line":283,"column":8},"end":{"line":283,"column":92}}],"line":283}},"s":{"0":1,"1":1,"2":1,"3":1,"4":1,"5":1,"6":1,"7":1,"8":1,"9":1,"10":1,"11":1,"12":1,"13":12,"14":2,"15":4,"16":21,"17":21,"18":21,"19":0,"20":21,"21":0,"22":0,"23":0,"24":4,"25":4,"26":3,"27":3,"28":3,"29":4,"30":4,"31":4,"32":4,"33":4,"34":4,"35":4,"36":0,"37":0,"38":4,"39":4,"40":32,"41":32,"42":0,"43":32,"44":0,"45":0,"46":4,"47":4,"48":4,"49":4,"50":4,"51":4,"52":0,"53":4,"54":4,"55":4,"56":4,"57":4,"58":4,"59":4,"60":4,"61":4,"62":0,"63":4,"64":4,"65":4,"66":4,"67":4,"68":2,"69":2,"70":2,"71":0,"72":0,"73":0,"74":0,"75":2,"76":2,"77":2,"78":2,"79":2,"80":2,"81":2,"82":0,"83":0,"84":2,"85":2,"86":16,"87":16,"88":0,"89":16,"90":0,"91":0,"92":2,"93":2,"94":2,"95":2,"96":2,"97":2,"98":0,"99":2,"100":2,"101":2,"102":2,"103":2,"104":2,"105":2,"106":2,"107":2,"108":0,"109":2,"110":2,"111":2,"112":2,"113":2,"114":2,"115":2,"116":0,"117":0,"118":0,"119":0,"120":0,"121":0,"122":0,"123":0,"124":0,"125":1,"126":1,"127":1,"128":0,"129":0,"130":0,"131":0,"132":1,"133":1,"134":1,"135":1,"136":1,"137":1,"138":1,"139":0,"140":0,"141":1,"142":1,"143":8,"144":8,"145":0,"146":8,"147":0,"148":0,"149":1,"150":1,"151":1,"152":1,"153":1,"154":1,"155":0,"156":1,"157":1,"158":1,"159":1,"160":1,"161":1,"162":1,"163":1,"164":1,"165":0,"166":1,"167":1,"168":1,"169":1,"170":1,"171":1,"172":1,"173":1,"174":1,"175":1,"176":1,"177":1,"178":0,"179":0,"180":1,"181":0,"182":1,"183":1},"f":{"0":1,"1":1,"2":1,"3":1,"4":1,"5":1,"6":12,"7":2,"8":4,"9":21,"10":4,"11":2,"12":0,"13":1,"14":1},"b":{"0":[21,0],"1":[0,21],"2":[0,0],"3":[3,1],"4":[4,0],"5":[0,0],"6":[0,32],"7":[32,0],"8":[0,32],"9":[32,0],"10":[0,4],"11":[4,4,4],"12":[4,0],"13":[4,4,4],"14":[0,4],"15":[4,4,4],"16":[4,0],"17":[4,4,4],"18":[0,2],"19":[2,0],"20":[0,0],"21":[0,16],"22":[16,0],"23":[0,16],"24":[16,0],"25":[0,2],"26":[2,2,2],"27":[2,0],"28":[2,2,2],"29":[0,2],"30":[2,2,2],"31":[2,0],"32":[2,2,2],"33":[0,0],"34":[0,0],"35":[0,1],"36":[1,0],"37":[0,0],"38":[0,8],"39":[8,0,0,0],"40":[0,8],"41":[8,0],"42":[0,1],"43":[1,1,1,1,1],"44":[1,0],"45":[1,1,1],"46":[0,1],"47":[1,1,1,1,1],"48":[1,0],"49":[1,1,1],"50":[0,0],"51":[0,1]},"_coverageSchema":"1a1c01bbd47fc00a2c39e90264f33305004495a9","hash":"596fb37c254a35d0b82c7a2b98128fecf6aa456e","contentHash":"a0ec696e065c09df44bcefec1fd38025371ead1a310bc7c4d2b3544ecf60b495"},"/Users/matthewchong/Desktop/DU/Pre-Junior/Winter Quarter/SE 181/C.H.E.S.S--Game/public/js/Bishop.js":{"path":"/Users/matthewchong/Desktop/DU/Pre-Junior/Winter Quarter/SE 181/C.H.E.S.S--Game/public/js/Bishop.js","statementMap":{"0":{"start":{"line":3,"column":8},"end":{"line":3,"column":33}},"1":{"start":{"line":4,"column":8},"end":{"line":4,"column":29}},"2":{"start":{"line":5,"column":8},"end":{"line":5,"column":25}},"3":{"start":{"line":6,"column":8},"end":{"line":6,"column":28}},"4":{"start":{"line":7,"column":8},"end":{"line":7,"column":38}},"5":{"start":{"line":8,"column":8},"end":{"line":8,"column":35}},"6":{"start":{"line":11,"column":8},"end":{"line":11,"column":29}},"7":{"start":{"line":15,"column":8},"end":{"line":15,"column":31}},"8":{"start":{"line":19,"column":2},"end":{"line":19,"column":22}},"9":{"start":{"line":23,"column":8},"end":{"line":23,"column
[...]
tart":{"line":40,"column":12},"end":{"line":42,"column":5}},"line":40},"9":{"name":"(anonymous_9)","decl":{"start":{"line":44,"column":4},"end":{"line":44,"column":5}},"loc":{"start":{"line":44,"column":18},"end":{"line":74,"column":5}},"line":44},"10":{"name":"(anonymous_10)","decl":{"start":{"line":76,"column":4},"end":{"line":76,"column":5}},"loc":{"start":{"line":76,"column":20},"end":{"line":112,"column":5}},"line":76},"11":{"name":"(anonymous_11)","decl":{"start":{"line":115,"column":4},"end":{"line":115,"column":5}},"loc":{"start":{"line":115,"column":28},"end":{"line":149,"column":5}},"line":115},"12":{"name":"(anonymous_12)","decl":{"start":{"line":150,"column":4},"end":{"line":150,"column":5}},"loc":{"start":{"line":150,"column":51},"end":{"line":162,"column":5}},"line":150}},"branchMap":{"0":{"loc":{"start":{"line":46,"column":8},"end":{"line":50,"column":9}},"type":"if","locations":[{"start":{"line":46,"column":8},"end":{"line":50,"column":9}},{"start":{"line":46,"column":8},"end":{"line":50,"column":9}}],"line":46},"1":{"loc":{"start":{"line":51,"column":8},"end":{"line":73,"column":9}},"type":"if","locations":[{"start":{"line":51,"column":8},"end":{"line":73,"column":9}},{"start":{"line":51,"column":8},"end":{"line":73,"column":9}}],"line":51},"2":{"loc":{"start":{"line":52,"column":12},"end":{"line":56,"column":13}},"type":"if","locations":[{"start":{"line":52,"column":12},"end":{"line":56,"column":13}},{"start":{"line":52,"column":12},"end":{"line":56,"column":13}}],"line":52},"3":{"loc":{"start":{"line":52,"column":15},"end":{"line":52,"column":141}},"type":"binary-expr","locations":[{"start":{"line":52,"column":16},"end":{"line":52,"column":78}},{"start":{"line":52,"column":83},"end":{"line":52,"column":141}}],"line":52},"4":{"loc":{"start":{"line":53,"column":16},"end":{"line":55,"column":17}},"type":"if","locations":[{"start":{"line":53,"column":16},"end":{"line":55,"column":17}},{"start":{"line":53,"column":16},"end":{"line":55,"column":17}}],"line":53},"5":{"loc":{"start":{"line":53,"column":20},"end":{"line":53,"column":59}},"type":"binary-expr","locations":[{"start":{"line":53,"column":20},"end":{"line":53,"column":27}},{"start":{"line":53,"column":31},"end":{"line":53,"column":59}}],"line":53},"6":{"loc":{"start":{"line":57,"column":12},"end":{"line":61,"column":13}},"type":"if","locations":[{"start":{"line":57,"column":12},"end":{"line":61,"column":13}},{"start":{"line":57,"column":12},"end":{"line":61,"column":13}}],"line":57},"7":{"loc":{"start":{"line":57,"column":15},"end":{"line":57,"column":143}},"type":"binary-expr","locations":[{"start":{"line":57,"column":16},"end":{"line":57,"column":79}},{"start":{"line":57,"column":84},"end":{"line":57,"column":143}}],"line":57},"8":{"loc":{"start":{"line":58,"column":16},"end":{"line":60,"column":17}},"type":"if","locations":[{"start":{"line":58,"column":16},"end":{"line":60,"column":17}},{"start":{"line":58,"column":16},"end":{"line":60,"column":17}}],"line":58},"9":{"loc":{"start":{"line":58,"column":19},"end":{"line":58,"column":58}},"type":"binary-expr","locations":[{"start":{"line":58,"column":19},"end":{"line":58,"column":26}},{"start":{"line":58,"column":30},"end":{"line":58,"column":58}}],"line":58},"10":{"loc":{"start":{"line":63,"column":12},"end":{"line":67,"column":13}},"type":"if","locations":[{"start":{"line":63,"column":12},"end":{"line":67,"column":13}},{"start":{"line":63,"column":12},"end":{"line":67,"column":13}}],"line":63},"11":{"loc":{"start":{"line":63,"column":15},"end":{"line":63,"column":141}},"type":"binary-expr","locations":[{"start":{"line":63,"column":16},"end":{"line":63,"column":78}},{"start":{"line":63,"column":83},"end":{"line":63,"column":141}}],"line":63},"12":{"loc":{"start":{"line":64,"column":16},"end":{"line":66,"column":17}},"type":"if","locations":[{"start":{"line":64,"column":16},"end":{"line":66,"column":17}},{"start":{"line":64,"column":16},"end":{"line":66,"column":17}}],"line":64},"13":{"loc":{"start":{"line":64,"column":19},"end":{"line":64,"column":58}},"type":"binary-expr","locations":[{"start":{"line":64,"column":19},"end":{"line":64,"column":26}},{"start":{"line":64,"column":30},"end":{"line":64,"column":58}}],"line":64},"14":{"loc":{"start":{"line":68,"column":12},"end":{"line":72,"column":13}},"type":"if","locations":[{"start":{"line":68,"column":12},"end":{"line":72,"column":13}},{"start":{"line":68,"column":12},"end":{"line":72,"column":13}}],"line":68},"15":{"loc":{"start":{"line":68,"column":15},"end":{"line":68,"column":143}},"type":"binary-expr","locations":[{"start":{"line":68,"column":16},"end":{"line":68,"column":79}},{"start":{"line":68,"column":84},"end":{"line":68,"column":143}}],"line":68},"16":{"loc":{"start":{"line":69,"column":16},"end":{"line":71,"column":17}},"type":"if","locations":[{"start":{"line":69,"column":16},"end":{"line":71,"column":17}},{"start":{"line":69,"column":16},"end":{"line":71,"column":17}}],"line":69},"17":{"loc":{"start":{"line":69,"column":19},"end":{"line":69,"column":58}},"type":"binary-expr","locations":[{"start":{"line":69,"column":19},"end":{"line":69,"column":26}},{"start":{"line":69,"column":30},"end":{"line":69,"column":58}}],"line":69},"18":{"loc":{"start":{"line":78,"column":8},"end":{"line":82,"column":9}},"type":"if","locations":[{"start":{"line":78,"column":8},"end":{"line":82,"column":9}},{"start":{"line":78,"column":8},"end":{"line":82,"column":9}}],"line":78},"19":{"loc":{"start":{"line":83,"column":8},"end":{"line":107,"column":9}},"type":"if","locations":[{"start":{"line":83,"column":8},"end":{"line":107,"column":9}},{"start":{"line":83,"column":8},"end":{"line":107,"column":9}}],"line":83},"20":{"loc":{"start":{"line":84,"column":12},"end":{"line":94,"column":13}},"type":"if","locations":[{"start":{"line":84,"column":12},"end":{"line":94,"column":13}},{"start":{"line":84,"column":12},"end":{"line":94,"column":13}}],"line":84},"21":{"loc":{"start":{"line":85,"column":16},"end":{"line":89,"column":17}},"type":"if","locations":[{"start":{"line":85,"column":16},"end":{"line":89,"column":17}},{"start":{"line":85,"column":16},"end":{"line":89,"column":17}}],"line":85},"22":{"loc":{"start":{"line":85,"column":20},"end":{"line":85,"column":38}},"type":"binary-expr","locations":[{"start":{"line":85,"column":20},"end":{"line":85,"column":27}},{"start":{"line":85,"column":31},"end":{"line":85,"column":38}}],"line":85},"23":{"loc":{"start":{"line":87,"column":23},"end":{"line":89,"column":17}},"type":"if","locations":[{"start":{"line":87,"column":23},"end":{"line":89,"column":17}},{"start":{"line":87,"column":23},"end":{"line":89,"column":17}}],"line":87},"24":{"loc":{"start":{"line":87,"column":27},"end":{"line":87,"column":45}},"type":"binary-expr","locations":[{"start":{"line":87,"column":27},"end":{"line":87,"column":34}},{"start":{"line":87,"column":38},"end":{"line":87,"column":45}}],"line":87},"25":{"loc":{"start":{"line":91,"column":16},"end":{"line":93,"column":17}},"type":"if","locations":[{"start":{"line":91,"column":16},"end":{"line":93,"column":17}},{"start":{"line":91,"column":16},"end":{"line":93,"column":17}}],"line":91},"26":{"loc":{"start":{"line":96,"column":12},"end":{"line":106,"column":13}},"type":"if","locations":[{"start":{"line":96,"column":12},"end":{"line":106,"column":13}},{"start":{"line":96,"column":12},"end":{"line":106,"column":13}}],"line":96},"27":{"loc":{"start":{"line":97,"column":16},"end":{"line":101,"column":17}},"type":"if","locations":[{"start":{"line":97,"column":16},"end":{"line":101,"column":17}},{"start":{"line":97,"column":16},"end":{"line":101,"column":17}}],"line":97},"28":{"loc":{"start":{"line":97,"column":20},"end":{"line":97,"column":38}},"type":"binary-expr","locations":[{"start":{"line":97,"column":20},"end":{"line":97,"column":27}},{"start":{"line":97,"column":31},"end":{"line":97,"column":38}}],"line":97},"29":{"loc":{"start":{"line":99,"column":23},"end":{"line":101,"column":17}},"type":"if","locations":[{"start":{"line":99,"column":23},"end":{"line":101,"column":17}},{"start":{"line":99,"column":23},"end":{"line":101,"column":17}}],"line":99},"30":{"loc":{"start":{"line":99,"column":27},"end":{"line":99,"column":45}},"type":"binary-expr","locations":[{"start":{"line":99,"column":27},"end":{"line":99,"column":34}},{"start":{"line":99,"column":38},"end":{"line":99,"column":45}}],"line":99},"31":{"loc":{"start":{"line":103,"column":16},"end":{"line":105,"column":17}},"type":"if","locations":[{"start":{"line":103,"column":16},"end":{"line":105,"column":17}},{"start":{"line":103,"column":16},"end":{"line":105,"column":17}}],"line":103},"32":{"loc":{"start":{"line":119,"column":8},"end":{"line":123,"column":9}},"type":"if","locations":[{"start":{"line":119,"column":8},"end":{"line":123,"column":9}},{"start":{"line":119,"column":8},"end":{"line":123,"column":9}}],"line":119},"33":{"loc":{"start":{"line":124,"column":8},"end":{"line":146,"column":9}},"type":"if","locations":[{"start":{"line":124,"column":8},"end":{"line":146,"column":9}},{"start":{"line":124,"column":8},"end":{"line":146,"column":9}}],"line":124},"34":{"loc":{"start":{"line":125,"column":12},"end":{"line":129,"column":13}},"type":"if","locations":[{"start":{"line":125,"column":12},"end":{"line":129,"column":13}},{"start":{"line":125,"column":12},"end":{"line":129,"column":13}}],"line":125},"35":{"loc":{"start":{"line":125,"column":16},"end":{"line":125,"column":146}},"type":"binary-expr","locations":[{"start":{"line":125,"column":17},"end":{"line":125,"column":81}},{"start":{"line":125,"column":86},"end":{"line":125,"column":146}}],"line":125},"36":{"loc":{"start":{"line":126,"column":16},"end":{"line":128,"column":17}},"type":"if","locations":[{"start":{"line":126,"column":16},"end":{"line":128,"column":17}},{"start":{"line":126,"column":16},"end":{"line":128,"column":17}}],"line":126},"37":{"loc":{"start":{"line":126,"column":20},"end":{"line":126,"column":59}},"type":"binary-expr","locations":[{"start":{"line":126,"column":20},"end":{"line":126,"column":27}},{"start":{"line":126,"column":31},"end":{"line":126,"column":59}}],"line":126},"38":{"loc":{"start":{"line":130,"column":12},"end":{"line":134,"column":13}},"type":"if","locations":[{"start":{"line":130,"column":12},"end":{"line":134,"column":13}},{"start":{"line":130,"column":12},"end":{"line":134,"column":13}}],"line":130},"39":{"loc":{"start":{"line":130,"column":16},"end":{"line":130,"column":148}},"type":"binary-expr","locations":[{"start":{"line":130,"column":17},"end":{"line":130,"column":82}},{"start":{"line":130,"column":87},"end":{"line":130,"column":148}}],"line":130},"40":{"loc":{"start":{"line":131,"column":16},"end":{"line":133,"column":17}},"type":"if","locations":[{"start":{"line":131,"column":16},"end":{"line":133,"column":17}},{"start":{"line":131,"column":16},"end":{"line":133,"column":17}}],"line":131},"41":{"loc":{"start":{"line":131,"column":20},"end":{"line":131,"column":59}},"type":"binary-expr","locations":[{"start":{"line":131,"column":20},"end":{"line":131,"column":27}},{"start":{"line":131,"column":31},"end":{"line":131,"column":59}}],"line":131},"42":{"loc":{"start":{"line":136,"column":12},"end":{"line":140,"column":13}},"type":"if","locations":[{"start":{"line":136,"column":12},"end":{"line":140,"column":13}},{"start":{"line":136,"column":12},"end":{"line":140,"column":13}}],"line":136},"43":{"loc":{"start":{"line":136,"column":16},"end":{"line":136,"column":146}},"type":"binary-expr","locations":[{"start":{"line":136,"column":17},"end":{"line":136,"column":81}},{"start":{"line":136,"column":86},"end":{"line":136,"column":146}}],"line":136},"44":{"loc":{"start":{"line":137,"column":16},"end":{"line":139,"column":17}},"type":"if","locations":[{"start":{"line":137,"column":16},"end":{"line":139,"column":17}},{"start":{"line":137,"column":16},"end":{"line":139,"column":17}}],"line":137},"45":{"loc":{"start":{"line":137,"column":20},"end":{"line":137,"column":59}},"type":"binary-expr","locations":[{"start":{"line":137,"column":20},"end":{"line":137,"column":27}},{"start":{"line":137,"column":31},"end":{"line":137,"column":59}}],"line":137},"46":{"loc":{"start":{"line":141,"column":12},"end":{"line":145,"column":13}},"type":"if","locations":[{"start":{"line":141,"column":12},"end":{"line":145,"column":13}},{"start":{"line":141,"column":12},"end":{"line":145,"column":13}}],"line":141},"47":{"loc":{"start":{"line":141,"column":16},"end":{"line":141,"column":148}},"type":"binary-expr","locations":[{"start":{"line":141,"column":17},"end":{"line":141,"column":82}},{"start":{"line":141,"column":87},"end":{"line":141,"column":148}}],"line":141},"48":{"loc":{"start":{"line":142,"column":16},"end":{"line":144,"column":17}},"type":"if","locations":[{"start":{"line":142,"column":16},"end":{"line":144,"column":17}},{"start":{"line":142,"column":16},"end":{"line":144,"column":17}}],"line":142},"49":{"loc":{"start":{"line":142,"column":20},"end":{"line":142,"column":59}},"type":"binary-expr","locations":[{"start":{"line":142,"column":20},"end":{"line":142,"column":27}},{"start":{"line":142,"column":31},"end":{"line":142,"column":59}}],"line":142},"50":{"loc":{"start":{"line":156,"column":13},"end":{"line":158,"column":14}},"type":"if","locations":[{"start":{"line":156,"column":13},"end":{"line":158,"column":14}},{"start":{"line":156,"column":13},"end":{"line":158,"column":14}}],"line":156},"51":{"loc":{"start":{"line":160,"column":8},"end":{"line":160,"column":88}},"type":"if","locations":[{"start":{"line":160,"column":8},"end":{"line":160,"column":88}},{"start":{"line":160,"column":8},"end":{"line":160,"column":88}}],"line":160}},"s":{"0":4,"1":4,"2":4,"3":4,"4":4,"5":4,"6":1,"7":1,"8":7,"9":1,"10":1,"11":1,"12":1,"13":35,"14":2,"15":6,"16":8,"17":8,"18":1,"19":1,"20":1,"21":8,"22":4,"23":4,"24":4,"25":4,"26":4,"27":4,"28":4,"29":4,"30":4,"31":4,"32":4,"33":4,"34":6,"35":6,"36":3,"37":3,"38":3,"39":6,"40":3,"41":2,"42":1,"43":1,"44":1,"45":1,"46":1,"47":3,"48":2,"49":1,"50":1,"51":1,"52":1,"53":1,"54":6,"55":6,"56":6,"57":2,"58":2,"59":2,"60":1,"61":1,"62":1,"63":2,"64":1,"65":1,"66":1,"67":1,"68":1,"69":1,"70":1,"71":1,"72":1,"73":1,"74":1,"75":1,"76":2,"77":2,"78":0,"79":0,"80":0,"81":0,"82":0,"83":0,"84":0,"85":0,"86":0,"87":1},"f":{"0":4,"1":1,"2":1,"3":7,"4":1,"5":1,"6":35,"7":2,"8":6,"9":8,"10":6,"11":2,"12":0},"b":{"0":[1,7],"1":[4,4],"2":[4,0],"3":[4,4],"4":[4,0],"5":[4,4],"6":[4,0],"7":[4,4],"8":[4,0],"9":[4,4],"10":[4,0],"11":[4,4],"12":[4,0],"13":[4,4],"14":[4,0],"15":[4,4],"16":[4,0],"17":[4,4],"18":[3,3],"19":[3,3],"20":[2,1],"21":[1,1],"22":[2,2],"23":[1,0],"24":[1,1],"25":[1,0],"26":[2,1],"27":[1,1],"28":[2,2],"29":[1,0],"30":[1,1],"31":[1,0],"32":[1,1],"33":[1,1],"34":[1,0],"35":[1,1],"36":[1,0],"37":[1,1],"38":[1,0],"39":[1,1],"40":[1,0],"41":[1,1],"42":[1,0],"43":[1,1],"44":[1,0],"45":[1,1],"46":[1,0],"47":[1,1],"48":[1,0],"49":[1,1],"50":[0,0],"51":[0,0]},"_coverageSchema":"1a1c01bbd47fc00a2c39e90264f33305004495a9","hash":"8a81f56150ad6517c77ed5c2228e68ab07f595e2","contentHash":"c6cb3e431843baa3128228b697f4ed73d8f8cc6e1e337c383555322af8d301d5"},"/Users/matthewchong/Desktop/DU/Pre-Junior/Winter Quarter/SE 181/C.H.E.S.S--Game/public/js/Piece.js":{"path":"/Users/matthewchong/Desktop/DU/Pre-Junior/Winter Quarter/SE 181/C.H.E.S.S--Game/public/js/Piece.js","statementMap":{"0":{"start":{"line":3,"column":8},"end":{"line":3,"column":33}},"1":{"start":{"line":4,"column":8},"end":{"line":4,"column":29}},"2":{"start":{"line":5,"column":8},"end":{"line":5,"column":25}},"3":{"start":{"line":6,"column":8},"end":{"line":6,"column":28}},"4":{"start":{"line":7,"column":8},"end":{"line":7,"column":38}},"5":{"start":{"line":8,"column":8},"end":{"line":8,"column":35}},"6":{"start":{"line":11,"column":8},"end":{"line":11,"column":29}},"7":{"start":{"line":15,"column":8},"end":{"line":15,"column":31}},"8":{"start":{"line":19,"column":2},"end":{"line":19,"column":22}},"9":{"start":{"line":23,"column":8},"end":{"line":23,"column":26}},"10":{"start":{"line":27,"column":8},"end":{"line":29,"column":67}},"11":{"start":{"line":27,"column":21},"end":{"line":27,"column":22}},"12":{"start":{"line":29,"column":12},"end":{"line":29,"column":67}},"13":{"start":{"line":33,"column":8},"end":{"line":33,"column":31}},"14":{"start":{"line":37,"column":2},"end":{"line":37,"column":19}},"15":{"start":{"line":41,"column":8},"end":{"line":41,"column":38}},"16":{"start":{"line":46,"column":21},"end":{"line":46,"column":59}},"17":{"start":{"line":47,"column":8},"end":{"line":58,"column":9}},"18":{"start":{"line":49,"column":16},"end":{"line":51,"column":17}},"19":{"start":{"line":50,"column":20},"end":{"line":50,"column":55}},"20":{"start":{"line":52,"column":16},"end":{"line":52,"column":22}},"21":{"start":{"line":54,"column":16},"end":{"line":56,"column":17}},"22":{"start":{"line":55,"column":20},"end":{"line":55,"column":55}},"23":{"start":{"line":57,"column":16},"end":{"line":57,"column":22}},"24":{"start":{"line":63,"column":0},"end":{"line":65,"column":1}}},"fnMap":{"0":{"name":"(anonymous_0)","decl":{"start":{"line":2,"column":4},"end":{"line":2,"column":5}},"loc":{"start":{"line":2,"column":40},"end":{"line":9,"column":5}},"line":2},"1":{"name":"(anonymous_1)","decl":{"start":{"line":10,"column":4},"end":{"line":10,"column":5}},"loc":{"start":{"line":10,"column":18},"end":{"line":12,"column":5}},"line":10},"2":{"name":"(anonymous_2)","decl":{"start":{"line":14,"column":4},"end":{"line":14,"column":5}},"loc":{"start":{"line":14,"column":24},"end":{"line":16,"column":5}},"line":14},"3":{"name":"(anonymous_3)","decl":{"start":{"line":18,"column":1},"end":{"line":18,"column":2}},"loc":{"start":{"line":18,"column":17},"end":{"line":20,"column":2}},"line":18},"4":{"name":"(anonymous_4)","decl":{"start":{"line":22,"column":4},"end":{"line":22,"column":5}},"loc":{"start":{"line":22,"column":16},"end":{"line":24,"column":5}},"line":22},"5":{"name":"(anonymous_5)","decl":{"start":{"line":26,"column":4},"end":{"line":26,"column":5}},"loc":{"start":{"line":26,"column":31},"end":{"line":30,"column":5}},"line":26},"6":{"name":"(anonymous_6)","decl":{"start":{"line":32,"column":4},"end":{"line":32,"column":5}},"loc":{"start":{"line":32,"column":19},"end":{"line":34,"column":5}},"line":32},"7":{"name":"(anonymous_7)","decl":{"start":{"line":36,"column":1},"end":{"line":36,"column":2}},"loc":{"start":{"line":36,"column":10},"end":{"line":38,"column":2}},"line":36},"8":{"name":"(anonymous_8)","decl":{"start":{"line":40,"column":4},"end":{"line":40,"column":5}},"loc":{"start":{"line":40,"column":12},"end":{"line":42,"column":5}},"line":40},"9":{"name":"(anonymous_9)","decl":{"start":{"line":44,"column":4},"end":{"line":44,"column":5}},"loc":{"start":{"line":44,"column":26},"end":{"line":59,"column":5}},"line":44}},"branchMap":{"0":{"loc":{"start":{"line":47,"column":8},"end":{"line":58,"column":9}},"type":"switch","locations":[{"start":{"line":48,"column":12},"end":{"line":52,"column":22}},{"start":{"line":53,"column":12},"end":{"line":57,"column":22}}],"line":47},"1":{"loc":{"start":{"line":49,"column":16},"end":{"line":51,"column":17}},"type":"if","locations":[{"start":{"line":49,"column":16},"end":{"line":51,"column":17}},{"start":{"line":49,"column":16},"end":{"line":51,"column":17}}],"line":49},"2":{"loc":{"start":{"line":54,"column":16},"end":{"line":56,"column":17}},"type":"if","locations":[{"start":{"line":54,"column":16},"end":{"line":56,"column":17}},{"start":{"line":54,"column":16},"end":{"line":56,"column":17}}],"line":54}},"s":{"0":3,"1":3,"2":3,"3":3,"4":3,"5":3,"6":1,"7":1,"8":1,"9":1,"10":1,"11":1,"12":1,"13":1,"14":2,"15":1,"16":2,"17":2,"18":1,"19":0,"20":0,"21":1,"22":0,"23":0,"24":1},"f":{"0":3,"1":1,"2":1,"3":1,"4":1,"5":1,"6":1,"7":2,"8":1,"9":2},"b":{"0":[1,1],"1":[0,0],"2":[0,0]},"_coverageSchema":"1a1c01bbd47fc00a2c39e90264f33305004495a9","hash":"dae39250656b86835a42db1218fe26fda00fe604","contentHash":"dcd278de5cde4651f5803ab1cc541e8dd450637fd7240d6461fe4255fd8440da"}}